This is pdfTeX, Version 3.1415926-2.5-1.40.14 (TeX Live 2013/Debian) (format=pdflatex 2015.1.15)  23 MAY 2016 18:42
entering extended mode
 restricted \write18 enabled.
 %&-line parsing enabled.
**\nonstopmode \input ./NGS-Statistics-Weeks-1and2.tex
(./NGS-Statistics-Weeks-1and2.tex
(/usr/share/texmf/tex/latex/beamer/base/beamer.cls
(/usr/share/texmf/tex/latex/beamer/base/beamerbasercs.sty
Package: beamerbasercs 2012/11/13 (rcs-revision cb16a617839f)
)
Document Class: beamer 2012/10/15 development version 3.24 A class for typesett
ing presentations (rcs-revision 24853e6b98cf)
(/usr/share/texmf/tex/latex/beamer/base/beamerbasemodes.sty
Package: beamerbasemodes 2012/04/15 (rcs-revision cc6557182d97)
\beamer@tempbox=\box26
\beamer@tempcount=\count79
\c@beamerpauses=\count80

(/usr/share/texmf/tex/latex/beamer/base/beamerbasedecode.sty
Package: beamerbasedecode 2010/05/01 (rcs-revision efa082c6111d)
\beamer@slideinframe=\count81
\beamer@minimum=\count82
)
\beamer@commentbox=\box27
\beamer@modecount=\count83
)
(/usr/share/texlive/texmf-dist/tex/generic/oberdiek/ifpdf.sty
Package: ifpdf 2011/01/30 v2.3 Provides the ifpdf switch (HO)
Package ifpdf Info: pdfTeX in PDF mode is detected.
)
\headheight=\dimen102
\headdp=\dimen103
\footheight=\dimen104
\sidebarheight=\dimen105
\beamer@tempdim=\dimen106
\beamer@finalheight=\dimen107
\beamer@animht=\dimen108
\beamer@animdp=\dimen109
\beamer@animwd=\dimen110
\beamer@leftmargin=\dimen111
\beamer@rightmargin=\dimen112
\beamer@leftsidebar=\dimen113
\beamer@rightsidebar=\dimen114
\beamer@boxsize=\dimen115
\beamer@vboxoffset=\dimen116
\beamer@descdefault=\dimen117
\beamer@descriptionwidth=\dimen118
\beamer@lastskip=\skip41
\beamer@areabox=\box28
\beamer@animcurrent=\box29
\beamer@animshowbox=\box30
\beamer@sectionbox=\box31
\beamer@logobox=\box32
\beamer@linebox=\box33
\beamer@sectioncount=\count84
\beamer@subsubsectionmax=\count85
\beamer@subsectionmax=\count86
\beamer@sectionmax=\count87
\beamer@totalheads=\count88
\beamer@headcounter=\count89
\beamer@partstartpage=\count90
\beamer@sectionstartpage=\count91
\beamer@subsectionstartpage=\count92
\beamer@animationtempa=\count93
\beamer@animationtempb=\count94
\beamer@xpos=\count95
\beamer@ypos=\count96
\beamer@showpartnumber=\count97
\beamer@currentsubsection=\count98
\beamer@coveringdepth=\count99
\beamer@sectionadjust=\count100
\beamer@tocsectionnumber=\count101

(/usr/share/texmf/tex/latex/beamer/base/beamerbaseoptions.sty
Package: beamerbaseoptions 2010/04/27 (rcs-revision 982469101dd6)

(/usr/share/texlive/texmf-dist/tex/latex/graphics/keyval.sty
Package: keyval 1999/03/16 v1.13 key=value parser (DPC)
\KV@toks@=\toks14
))
\beamer@paperwidth=\skip42
\beamer@paperheight=\skip43

(/usr/share/texlive/texmf-dist/tex/latex/geometry/geometry.sty
Package: geometry 2010/09/12 v5.6 Page Geometry

(/usr/share/texlive/texmf-dist/tex/generic/oberdiek/ifvtex.sty
Package: ifvtex 2010/03/01 v1.5 Detect VTeX and its facilities (HO)
Package ifvtex Info: VTeX not detected.
)
(/usr/share/texlive/texmf-dist/tex/generic/ifxetex/ifxetex.sty
Package: ifxetex 2010/09/12 v0.6 Provides ifxetex conditional
)
\Gm@cnth=\count102
\Gm@cntv=\count103
\c@Gm@tempcnt=\count104
\Gm@bindingoffset=\dimen119
\Gm@wd@mp=\dimen120
\Gm@odd@mp=\dimen121
\Gm@even@mp=\dimen122
\Gm@layoutwidth=\dimen123
\Gm@layoutheight=\dimen124
\Gm@layouthoffset=\dimen125
\Gm@layoutvoffset=\dimen126
\Gm@dimlist=\toks15
)
(/usr/share/texlive/texmf-dist/tex/latex/base/size11.clo
File: size11.clo 2007/10/19 v1.4h Standard LaTeX file (size option)
)
(/usr/share/texmf/tex/latex/pgf/basiclayer/pgfcore.sty
(/usr/share/texlive/texmf-dist/tex/latex/graphics/graphicx.sty
Package: graphicx 1999/02/16 v1.0f Enhanced LaTeX Graphics (DPC,SPQR)

(/usr/share/texlive/texmf-dist/tex/latex/graphics/graphics.sty
Package: graphics 2009/02/05 v1.0o Standard LaTeX Graphics (DPC,SPQR)

(/usr/share/texlive/texmf-dist/tex/latex/graphics/trig.sty
Package: trig 1999/03/16 v1.09 sin cos tan (DPC)
)
(/usr/share/texlive/texmf-dist/tex/latex/latexconfig/graphics.cfg
File: graphics.cfg 2010/04/23 v1.9 graphics configuration of TeX Live
)
Package graphics Info: Driver file: pdftex.def on input line 91.

(/usr/share/texlive/texmf-dist/tex/latex/pdftex-def/pdftex.def
File: pdftex.def 2011/05/27 v0.06d Graphics/color for pdfTeX

(/usr/share/texlive/texmf-dist/tex/generic/oberdiek/infwarerr.sty
Package: infwarerr 2010/04/08 v1.3 Providing info/warning/error messages (HO)
)
(/usr/share/texlive/texmf-dist/tex/generic/oberdiek/ltxcmds.sty
Package: ltxcmds 2011/11/09 v1.22 LaTeX kernel commands for general use (HO)
)
\Gread@gobject=\count105
))
\Gin@req@height=\dimen127
\Gin@req@width=\dimen128
)
(/usr/share/texmf/tex/latex/pgf/systemlayer/pgfsys.sty
(/usr/share/texmf/tex/latex/pgf/utilities/pgfrcs.sty
(/usr/share/texmf/tex/generic/pgf/utilities/pgfutil-common.tex
\pgfutil@everybye=\toks16
)
(/usr/share/texmf/tex/generic/pgf/utilities/pgfutil-latex.def
\pgfutil@abb=\box34

(/usr/share/texlive/texmf-dist/tex/latex/ms/everyshi.sty
Package: everyshi 2001/05/15 v3.00 EveryShipout Package (MS)
))
(/usr/share/texmf/tex/generic/pgf/utilities/pgfrcs.code.tex
Package: pgfrcs 2010/10/25 v2.10 (rcs-revision 1.24)
))
(/usr/share/texmf/tex/generic/pgf/systemlayer/pgfsys.code.tex
Package: pgfsys 2010/06/30 v2.10 (rcs-revision 1.37)

(/usr/share/texmf/tex/generic/pgf/utilities/pgfkeys.code.tex
\pgfkeys@pathtoks=\toks17
\pgfkeys@temptoks=\toks18

(/usr/share/texmf/tex/generic/pgf/utilities/pgfkeysfiltered.code.tex
\pgfkeys@tmptoks=\toks19
))
\pgf@x=\dimen129
\pgf@y=\dimen130
\pgf@xa=\dimen131
\pgf@ya=\dimen132
\pgf@xb=\dimen133
\pgf@yb=\dimen134
\pgf@xc=\dimen135
\pgf@yc=\dimen136
\w@pgf@writea=\write3
\r@pgf@reada=\read1
\c@pgf@counta=\count106
\c@pgf@countb=\count107
\c@pgf@countc=\count108
\c@pgf@countd=\count109

(/usr/share/texmf/tex/generic/pgf/systemlayer/pgf.cfg
File: pgf.cfg 2008/05/14  (rcs-revision 1.7)
)
Package pgfsys Info: Driver file for pgf: pgfsys-pdftex.def on input line 900.

(/usr/share/texmf/tex/generic/pgf/systemlayer/pgfsys-pdftex.def
File: pgfsys-pdftex.def 2009/05/22  (rcs-revision 1.26)

(/usr/share/texmf/tex/generic/pgf/systemlayer/pgfsys-common-pdf.def
File: pgfsys-common-pdf.def 2008/05/19  (rcs-revision 1.10)
)))
(/usr/share/texmf/tex/generic/pgf/systemlayer/pgfsyssoftpath.code.tex
File: pgfsyssoftpath.code.tex 2008/07/18  (rcs-revision 1.7)
\pgfsyssoftpath@smallbuffer@items=\count110
\pgfsyssoftpath@bigbuffer@items=\count111
)
(/usr/share/texmf/tex/generic/pgf/systemlayer/pgfsysprotocol.code.tex
File: pgfsysprotocol.code.tex 2006/10/16  (rcs-revision 1.4)
))
(/usr/share/texmf/tex/latex/xcolor/xcolor.sty
Package: xcolor 2007/01/21 v2.11 LaTeX color extensions (UK)

(/usr/share/texlive/texmf-dist/tex/latex/latexconfig/color.cfg
File: color.cfg 2007/01/18 v1.5 color configuration of teTeX/TeXLive
)
Package xcolor Info: Driver file: pdftex.def on input line 225.
Package xcolor Info: Model `cmy' substituted by `cmy0' on input line 1337.
Package xcolor Info: Model `hsb' substituted by `rgb' on input line 1341.
Package xcolor Info: Model `RGB' extended on input line 1353.
Package xcolor Info: Model `HTML' substituted by `rgb' on input line 1355.
Package xcolor Info: Model `Hsb' substituted by `hsb' on input line 1356.
Package xcolor Info: Model `tHsb' substituted by `hsb' on input line 1357.
Package xcolor Info: Model `HSB' substituted by `hsb' on input line 1358.
Package xcolor Info: Model `Gray' substituted by `gray' on input line 1359.
Package xcolor Info: Model `wave' substituted by `hsb' on input line 1360.

(/usr/share/texmf/tex/latex/xcolor/x11nam.def
File: x11nam.def 2007/01/21 v2.11 Predefined colors according to Unix/X11 (UK)
))
(/usr/share/texmf/tex/generic/pgf/basiclayer/pgfcore.code.tex
Package: pgfcore 2010/04/11 v2.10 (rcs-revision 1.7)

(/usr/share/texmf/tex/generic/pgf/math/pgfmath.code.tex
(/usr/share/texmf/tex/generic/pgf/math/pgfmathcalc.code.tex
(/usr/share/texmf/tex/generic/pgf/math/pgfmathutil.code.tex)
(/usr/share/texmf/tex/generic/pgf/math/pgfmathparser.code.tex
\pgfmath@dimen=\dimen137
\pgfmath@count=\count112
\pgfmath@box=\box35
\pgfmath@toks=\toks20
\pgfmath@stack@operand=\toks21
\pgfmath@stack@operation=\toks22
)
(/usr/share/texmf/tex/generic/pgf/math/pgfmathfunctions.code.tex
(/usr/share/texmf/tex/generic/pgf/math/pgfmathfunctions.basic.code.tex)
(/usr/share/texmf/tex/generic/pgf/math/pgfmathfunctions.trigonometric.code.tex)
(/usr/share/texmf/tex/generic/pgf/math/pgfmathfunctions.random.code.tex)
(/usr/share/texmf/tex/generic/pgf/math/pgfmathfunctions.comparison.code.tex)
(/usr/share/texmf/tex/generic/pgf/math/pgfmathfunctions.base.code.tex)
(/usr/share/texmf/tex/generic/pgf/math/pgfmathfunctions.round.code.tex)
(/usr/share/texmf/tex/generic/pgf/math/pgfmathfunctions.misc.code.tex)))
(/usr/share/texmf/tex/generic/pgf/math/pgfmathfloat.code.tex
\c@pgfmathroundto@lastzeros=\count113
))
(/usr/share/texmf/tex/generic/pgf/basiclayer/pgfcorepoints.code.tex
File: pgfcorepoints.code.tex 2010/04/09  (rcs-revision 1.20)
\pgf@picminx=\dimen138
\pgf@picmaxx=\dimen139
\pgf@picminy=\dimen140
\pgf@picmaxy=\dimen141
\pgf@pathminx=\dimen142
\pgf@pathmaxx=\dimen143
\pgf@pathminy=\dimen144
\pgf@pathmaxy=\dimen145
\pgf@xx=\dimen146
\pgf@xy=\dimen147
\pgf@yx=\dimen148
\pgf@yy=\dimen149
\pgf@zx=\dimen150
\pgf@zy=\dimen151
)
(/usr/share/texmf/tex/generic/pgf/basiclayer/pgfcorepathconstruct.code.tex
File: pgfcorepathconstruct.code.tex 2010/08/03  (rcs-revision 1.24)
\pgf@path@lastx=\dimen152
\pgf@path@lasty=\dimen153
)
(/usr/share/texmf/tex/generic/pgf/basiclayer/pgfcorepathusage.code.tex
File: pgfcorepathusage.code.tex 2008/04/22  (rcs-revision 1.12)
\pgf@shorten@end@additional=\dimen154
\pgf@shorten@start@additional=\dimen155
)
(/usr/share/texmf/tex/generic/pgf/basiclayer/pgfcorescopes.code.tex
File: pgfcorescopes.code.tex 2010/09/08  (rcs-revision 1.34)
\pgfpic=\box36
\pgf@hbox=\box37
\pgf@layerbox@main=\box38
\pgf@picture@serial@count=\count114
)
(/usr/share/texmf/tex/generic/pgf/basiclayer/pgfcoregraphicstate.code.tex
File: pgfcoregraphicstate.code.tex 2008/04/22  (rcs-revision 1.9)
\pgflinewidth=\dimen156
)
(/usr/share/texmf/tex/generic/pgf/basiclayer/pgfcoretransformations.code.tex
File: pgfcoretransformations.code.tex 2009/06/10  (rcs-revision 1.11)
\pgf@pt@x=\dimen157
\pgf@pt@y=\dimen158
\pgf@pt@temp=\dimen159
)
(/usr/share/texmf/tex/generic/pgf/basiclayer/pgfcorequick.code.tex
File: pgfcorequick.code.tex 2008/10/09  (rcs-revision 1.3)
)
(/usr/share/texmf/tex/generic/pgf/basiclayer/pgfcoreobjects.code.tex
File: pgfcoreobjects.code.tex 2006/10/11  (rcs-revision 1.2)
)
(/usr/share/texmf/tex/generic/pgf/basiclayer/pgfcorepathprocessing.code.tex
File: pgfcorepathprocessing.code.tex 2008/10/09  (rcs-revision 1.8)
)
(/usr/share/texmf/tex/generic/pgf/basiclayer/pgfcorearrows.code.tex
File: pgfcorearrows.code.tex 2008/04/23  (rcs-revision 1.11)
)
(/usr/share/texmf/tex/generic/pgf/basiclayer/pgfcoreshade.code.tex
File: pgfcoreshade.code.tex 2008/11/23  (rcs-revision 1.13)
\pgf@max=\dimen160
\pgf@sys@shading@range@num=\count115
)
(/usr/share/texmf/tex/generic/pgf/basiclayer/pgfcoreimage.code.tex
File: pgfcoreimage.code.tex 2010/03/25  (rcs-revision 1.16)

(/usr/share/texmf/tex/generic/pgf/basiclayer/pgfcoreexternal.code.tex
File: pgfcoreexternal.code.tex 2010/09/01  (rcs-revision 1.17)
\pgfexternal@startupbox=\box39
))
(/usr/share/texmf/tex/generic/pgf/basiclayer/pgfcorelayers.code.tex
File: pgfcorelayers.code.tex 2010/08/27  (rcs-revision 1.2)
)
(/usr/share/texmf/tex/generic/pgf/basiclayer/pgfcoretransparency.code.tex
File: pgfcoretransparency.code.tex 2008/01/17  (rcs-revision 1.2)
)
(/usr/share/texmf/tex/generic/pgf/basiclayer/pgfcorepatterns.code.tex
File: pgfcorepatterns.code.tex 2009/07/02  (rcs-revision 1.3)
)))
(/usr/share/texmf/tex/latex/pgf/utilities/xxcolor.sty
Package: xxcolor 2003/10/24 ver 0.1
\XC@nummixins=\count116
\XC@countmixins=\count117
)
(/usr/share/texlive/texmf-dist/tex/latex/hyperref/hyperref.sty
Package: hyperref 2012/11/06 v6.83m Hypertext links for LaTeX

(/usr/share/texlive/texmf-dist/tex/generic/oberdiek/hobsub-hyperref.sty
Package: hobsub-hyperref 2012/05/28 v1.13 Bundle oberdiek, subset hyperref (HO)


(/usr/share/texlive/texmf-dist/tex/generic/oberdiek/hobsub-generic.sty
Package: hobsub-generic 2012/05/28 v1.13 Bundle oberdiek, subset generic (HO)
Package: hobsub 2012/05/28 v1.13 Construct package bundles (HO)
Package hobsub Info: Skipping package `infwarerr' (already loaded).
Package hobsub Info: Skipping package `ltxcmds' (already loaded).
Package: ifluatex 2010/03/01 v1.3 Provides the ifluatex switch (HO)
Package ifluatex Info: LuaTeX not detected.
Package hobsub Info: Skipping package `ifvtex' (already loaded).
Package: intcalc 2007/09/27 v1.1 Expandable calculations with integers (HO)
Package hobsub Info: Skipping package `ifpdf' (already loaded).
Package: etexcmds 2011/02/16 v1.5 Avoid name clashes with e-TeX commands (HO)
Package etexcmds Info: Could not find \expanded.
(etexcmds)             That can mean that you are not using pdfTeX 1.50 or
(etexcmds)             that some package has redefined \expanded.
(etexcmds)             In the latter case, load this package earlier.
Package: kvsetkeys 2012/04/25 v1.16 Key value parser (HO)
Package: kvdefinekeys 2011/04/07 v1.3 Define keys (HO)
Package: pdftexcmds 2011/11/29 v0.20 Utility functions of pdfTeX for LuaTeX (HO
)
Package pdftexcmds Info: LuaTeX not detected.
Package pdftexcmds Info: \pdf@primitive is available.
Package pdftexcmds Info: \pdf@ifprimitive is available.
Package pdftexcmds Info: \pdfdraftmode found.
Package: pdfescape 2011/11/25 v1.13 Implements pdfTeX's escape features (HO)
Package: bigintcalc 2012/04/08 v1.3 Expandable calculations on big integers (HO
)
Package: bitset 2011/01/30 v1.1 Handle bit-vector datatype (HO)
Package: uniquecounter 2011/01/30 v1.2 Provide unlimited unique counter (HO)
)
Package hobsub Info: Skipping package `hobsub' (already loaded).
Package: letltxmacro 2010/09/02 v1.4 Let assignment for LaTeX macros (HO)
Package: hopatch 2012/05/28 v1.2 Wrapper for package hooks (HO)
Package: xcolor-patch 2011/01/30 xcolor patch
Package: atveryend 2011/06/30 v1.8 Hooks at the very end of document (HO)
Package atveryend Info: \enddocument detected (standard20110627).
Package: atbegshi 2011/10/05 v1.16 At begin shipout hook (HO)
Package: refcount 2011/10/16 v3.4 Data extraction from label references (HO)
Package: hycolor 2011/01/30 v1.7 Color options for hyperref/bookmark (HO)
)
(/usr/share/texlive/texmf-dist/tex/latex/oberdiek/auxhook.sty
Package: auxhook 2011/03/04 v1.3 Hooks for auxiliary files (HO)
)
(/usr/share/texlive/texmf-dist/tex/latex/oberdiek/kvoptions.sty
Package: kvoptions 2011/06/30 v3.11 Key value format for package options (HO)
)
\@linkdim=\dimen161
\Hy@linkcounter=\count118
\Hy@pagecounter=\count119

(/usr/share/texlive/texmf-dist/tex/latex/hyperref/pd1enc.def
File: pd1enc.def 2012/11/06 v6.83m Hyperref: PDFDocEncoding definition (HO)
)
\Hy@SavedSpaceFactor=\count120

(/usr/share/texlive/texmf-dist/tex/latex/latexconfig/hyperref.cfg
File: hyperref.cfg 2002/06/06 v1.2 hyperref configuration of TeXLive
)
Package hyperref Info: Option `bookmarks' set `true' on input line 4319.
Package hyperref Info: Option `bookmarksopen' set `true' on input line 4319.
Package hyperref Info: Option `implicit' set `false' on input line 4319.
Package hyperref Info: Hyper figures OFF on input line 4443.
Package hyperref Info: Link nesting OFF on input line 4448.
Package hyperref Info: Hyper index ON on input line 4451.
Package hyperref Info: Plain pages OFF on input line 4458.
Package hyperref Info: Backreferencing OFF on input line 4463.
Package hyperref Info: Implicit mode OFF; no redefinition of LaTeX internals.
Package hyperref Info: Bookmarks ON on input line 4688.
\c@Hy@tempcnt=\count121

(/usr/share/texlive/texmf-dist/tex/latex/url/url.sty
\Urlmuskip=\muskip10
Package: url 2013/09/16  ver 3.4  Verb mode for urls, etc.
)
LaTeX Info: Redefining \url on input line 5041.
\XeTeXLinkMargin=\dimen162
\Fld@menulength=\count122
\Field@Width=\dimen163
\Fld@charsize=\dimen164
Package hyperref Info: Hyper figures OFF on input line 6295.
Package hyperref Info: Link nesting OFF on input line 6300.
Package hyperref Info: Hyper index ON on input line 6303.
Package hyperref Info: backreferencing OFF on input line 6310.
Package hyperref Info: Link coloring OFF on input line 6315.
Package hyperref Info: Link coloring with OCG OFF on input line 6320.
Package hyperref Info: PDF/A mode OFF on input line 6325.
LaTeX Info: Redefining \ref on input line 6365.
LaTeX Info: Redefining \pageref on input line 6369.
\Hy@abspage=\count123


Package hyperref Message: Stopped early.

)

Package hyperref Message: Driver (autodetected): hpdftex.

(/usr/share/texlive/texmf-dist/tex/latex/hyperref/hpdftex.def
File: hpdftex.def 2012/11/06 v6.83m Hyperref driver for pdfTeX
\Fld@listcount=\count124
\c@bookmark@seq@number=\count125

(/usr/share/texlive/texmf-dist/tex/latex/oberdiek/rerunfilecheck.sty
Package: rerunfilecheck 2011/04/15 v1.7 Rerun checks for auxiliary files (HO)
Package uniquecounter Info: New unique counter `rerunfilecheck' on input line 2
82.
))
(/usr/share/texmf/tex/latex/beamer/base/beamerbaserequires.sty
Package: beamerbaserequires 2010/05/01  (rcs-revision efa082c6111d)

(/usr/share/texmf/tex/latex/beamer/base/beamerbasecompatibility.sty
Package: beamerbasecompatibility 2012/05/01  (rcs-revision 67c48b3b652d)
)
(/usr/share/texmf/tex/latex/beamer/base/beamerbasefont.sty
Package: beamerbasefont 2012/09/19  (rcs-revision 733629cd0c6c)

(/usr/share/texlive/texmf-dist/tex/latex/amsfonts/amssymb.sty
Package: amssymb 2013/01/14 v3.01 AMS font symbols

(/usr/share/texlive/texmf-dist/tex/latex/amsfonts/amsfonts.sty
Package: amsfonts 2013/01/14 v3.01 Basic AMSFonts support
\@emptytoks=\toks23
\symAMSa=\mathgroup4
\symAMSb=\mathgroup5
LaTeX Font Info:    Overwriting math alphabet `\mathfrak' in version `bold'
(Font)                  U/euf/m/n --> U/euf/b/n on input line 106.
)))
(/usr/share/texmf/tex/latex/beamer/base/beamerbasetranslator.sty
Package: beamerbasetranslator 2010/06/11  (rcs-revision 85fd1cc7fc42)

(/usr/share/texmf/tex/latex/beamer/base/translator/translator.sty
Package: translator 2010/06/12 ver 1.10

(/usr/share/texmf/tex/latex/beamer/base/translator/translator-language-mappings
.tex))) (/usr/share/texmf/tex/latex/beamer/base/beamerbasemisc.sty
Package: beamerbasemisc 2012/02/24  (rcs-revision 2ff5461be705)
)
(/usr/share/texmf/tex/latex/beamer/base/beamerbasetwoscreens.sty
Package: beamerbasetwoscreens 2010/05/01  (rcs-revision efa082c6111d)
)
(/usr/share/texmf/tex/latex/beamer/base/beamerbaseoverlay.sty
Package: beamerbaseoverlay 2012/11/11  (rcs-revision 6afbc49b1109)
\beamer@argscount=\count126
\beamer@lastskipcover=\skip44
\beamer@trivlistdepth=\count127
)
(/usr/share/texmf/tex/latex/beamer/base/beamerbasetitle.sty
Package: beamerbasetitle 2010/09/21  (rcs-revision f0446ed0b6ae)
)
(/usr/share/texmf/tex/latex/beamer/base/beamerbasesection.sty
Package: beamerbasesection 2012/11/11  (rcs-revision 0056eef6f17f)
\c@lecture=\count128
\c@part=\count129
\c@section=\count130
\c@subsection=\count131
\c@subsubsection=\count132
)
(/usr/share/texmf/tex/latex/beamer/base/beamerbaseframe.sty
Package: beamerbaseframe 2012/09/13  (rcs-revision dcd846607320)
\beamer@framebox=\box40
\beamer@frametitlebox=\box41
\beamer@zoombox=\box42
\beamer@zoomcount=\count133
\beamer@zoomframecount=\count134
\beamer@frametextheight=\dimen165
\c@subsectionslide=\count135
\beamer@frametopskip=\skip45
\beamer@framebottomskip=\skip46
\beamer@frametopskipautobreak=\skip47
\beamer@framebottomskipautobreak=\skip48
\beamer@envbody=\toks24
\framewidth=\dimen166
\c@framenumber=\count136
)
(/usr/share/texmf/tex/latex/beamer/base/beamerbaseverbatim.sty
Package: beamerbaseverbatim 2012/08/30  (rcs-revision dfdb135076b3)
\beamer@verbatimfileout=\write4
)
(/usr/share/texmf/tex/latex/beamer/base/beamerbaseframesize.sty
Package: beamerbaseframesize 2011/09/12  (rcs-revision 70f9d8411e54)
\beamer@splitbox=\box43
\beamer@autobreakcount=\count137
\beamer@autobreaklastheight=\dimen167
\beamer@frametitletoks=\toks25
\beamer@framesubtitletoks=\toks26
)
(/usr/share/texmf/tex/latex/beamer/base/beamerbaseframecomponents.sty
Package: beamerbaseframecomponents 2012/09/13  (rcs-revision dcd846607320)
\beamer@footins=\box44
)
(/usr/share/texmf/tex/latex/beamer/base/beamerbasecolor.sty
Package: beamerbasecolor 2010/06/06  (rcs-revision d1a9b48be06d)
)
(/usr/share/texmf/tex/latex/beamer/base/beamerbasenotes.sty
Package: beamerbasenotes 2010/05/01  (rcs-revision efa082c6111d)
\beamer@frameboxcopy=\box45
)
(/usr/share/texmf/tex/latex/beamer/base/beamerbasetoc.sty
Package: beamerbasetoc 2012/10/02  (rcs-revision 5ed0f4010e8a)
)
(/usr/share/texmf/tex/latex/beamer/base/beamerbasetemplates.sty
Package: beamerbasetemplates 2010/05/01  (rcs-revision efa082c6111d)
\beamer@sbttoks=\toks27

(/usr/share/texmf/tex/latex/beamer/base/beamerbaseauxtemplates.sty
Package: beamerbaseauxtemplates 2012/05/01  (rcs-revision 67c48b3b652d)

(/usr/share/texmf/tex/latex/beamer/base/beamerbaseboxes.sty
Package: beamerbaseboxes 2012/05/13  (rcs-revision 56972908a390)
\bmb@box=\box46
\bmb@colorbox=\box47
\bmb@boxshadow=\box48
\bmb@boxshadowball=\box49
\bmb@boxshadowballlarge=\box50
\bmb@temp=\dimen168
\bmb@dima=\dimen169
\bmb@dimb=\dimen170
\bmb@prevheight=\dimen171
)
\beamer@blockheadheight=\dimen172
))
(/usr/share/texmf/tex/latex/beamer/base/beamerbaselocalstructure.sty
Package: beamerbaselocalstructure 2012/11/13  (rcs-revision ddfba79dac19)

(/usr/share/texlive/texmf-dist/tex/latex/tools/enumerate.sty
Package: enumerate 1999/03/05 v3.00 enumerate extensions (DPC)
\@enLab=\toks28
)
\c@figure=\count138
\c@table=\count139
\abovecaptionskip=\skip49
\belowcaptionskip=\skip50
)
(/usr/share/texmf/tex/latex/beamer/base/beamerbasenavigation.sty
Package: beamerbasenavigation 2012/04/03  (rcs-revision 42a0f21a412d)
\beamer@section@min@dim=\dimen173
)
(/usr/share/texmf/tex/latex/beamer/base/beamerbasetheorems.sty
Package: beamerbasetheorems 2010/06/06  (rcs-revision 7e7cc5e53e9d)

(/usr/share/texlive/texmf-dist/tex/latex/amsmath/amsmath.sty
Package: amsmath 2013/01/14 v2.14 AMS math features
\@mathmargin=\skip51

For additional information on amsmath, use the `?' option.
(/usr/share/texlive/texmf-dist/tex/latex/amsmath/amstext.sty
Package: amstext 2000/06/29 v2.01

(/usr/share/texlive/texmf-dist/tex/latex/amsmath/amsgen.sty
File: amsgen.sty 1999/11/30 v2.0
\@emptytoks=\toks29
\ex@=\dimen174
))
(/usr/share/texlive/texmf-dist/tex/latex/amsmath/amsbsy.sty
Package: amsbsy 1999/11/29 v1.2d
\pmbraise@=\dimen175
)
(/usr/share/texlive/texmf-dist/tex/latex/amsmath/amsopn.sty
Package: amsopn 1999/12/14 v2.01 operator names
)
\inf@bad=\count140
LaTeX Info: Redefining \frac on input line 210.
\uproot@=\count141
\leftroot@=\count142
LaTeX Info: Redefining \overline on input line 306.
\classnum@=\count143
\DOTSCASE@=\count144
LaTeX Info: Redefining \ldots on input line 378.
LaTeX Info: Redefining \dots on input line 381.
LaTeX Info: Redefining \cdots on input line 466.
\Mathstrutbox@=\box51
\strutbox@=\box52
\big@size=\dimen176
LaTeX Font Info:    Redeclaring font encoding OML on input line 566.
LaTeX Font Info:    Redeclaring font encoding OMS on input line 567.
\macc@depth=\count145
\c@MaxMatrixCols=\count146
\dotsspace@=\muskip11
\c@parentequation=\count147
\dspbrk@lvl=\count148
\tag@help=\toks30
\row@=\count149
\column@=\count150
\maxfields@=\count151
\andhelp@=\toks31
\eqnshift@=\dimen177
\alignsep@=\dimen178
\tagshift@=\dimen179
\tagwidth@=\dimen180
\totwidth@=\dimen181
\lineht@=\dimen182
\@envbody=\toks32
\multlinegap=\skip52
\multlinetaggap=\skip53
\mathdisplay@stack=\toks33
LaTeX Info: Redefining \[ on input line 2665.
LaTeX Info: Redefining \] on input line 2666.
)
(/usr/share/texlive/texmf-dist/tex/latex/amscls/amsthm.sty
Package: amsthm 2004/08/06 v2.20
\thm@style=\toks34
\thm@bodyfont=\toks35
\thm@headfont=\toks36
\thm@notefont=\toks37
\thm@headpunct=\toks38
\thm@preskip=\skip54
\thm@postskip=\skip55
\thm@headsep=\skip56
\dth@everypar=\toks39
)
\c@theorem=\count152
)
(/usr/share/texmf/tex/latex/beamer/base/beamerbasethemes.sty
Package: beamerbasethemes 2010/05/01  (rcs-revision efa082c6111d)
))
(/usr/share/texmf/tex/latex/beamer/base/themes/theme/beamerthemedefault.sty
Package: beamerthemedefault 2010/06/17  (rcs-revision d02a7cf4d8ae)

(/usr/share/texmf/tex/latex/beamer/base/themes/font/beamerfontthemedefault.sty
Package: beamerfontthemedefault 2010/06/17  (rcs-revision d02a7cf4d8ae)
)
(/usr/share/texmf/tex/latex/beamer/base/themes/color/beamercolorthemedefault.st
y
Package: beamercolorthemedefault 2010/06/17  (rcs-revision d02a7cf4d8ae)
)
(/usr/share/texmf/tex/latex/beamer/base/themes/inner/beamerinnerthemedefault.st
y
Package: beamerinnerthemedefault 2012/05/01  (rcs-revision 67c48b3b652d)
\beamer@dima=\dimen183
\beamer@dimb=\dimen184
)
(/usr/share/texmf/tex/latex/beamer/base/themes/outer/beamerouterthemedefault.st
y
Package: beamerouterthemedefault 2012/10/02  (rcs-revision 5ed0f4010e8a)
))) (/usr/share/texlive/texmf-dist/tex/latex/framed/framed.sty
Package: framed 2011/10/22 v 0.96: framed or shaded text with page breaks
\OuterFrameSep=\skip57
\fb@frw=\dimen185
\fb@frh=\dimen186
\FrameRule=\dimen187
\FrameSep=\dimen188
)
(/usr/share/texlive/texmf-dist/tex/latex/base/alltt.sty
Package: alltt 1997/06/16 v2.0g defines alltt environment
)
(/usr/share/texmf/tex/latex/pgf/frontendlayer/tikz.sty
(/usr/share/texmf/tex/latex/pgf/basiclayer/pgf.sty
Package: pgf 2008/01/15 v2.10 (rcs-revision 1.12)

(/usr/share/texmf/tex/generic/pgf/modules/pgfmoduleshapes.code.tex
File: pgfmoduleshapes.code.tex 2010/09/09  (rcs-revision 1.13)
\pgfnodeparttextbox=\box53
)
(/usr/share/texmf/tex/generic/pgf/modules/pgfmoduleplot.code.tex
File: pgfmoduleplot.code.tex 2010/10/22  (rcs-revision 1.8)
)
(/usr/share/texmf/tex/latex/pgf/compatibility/pgfcomp-version-0-65.sty
Package: pgfcomp-version-0-65 2007/07/03 v2.10 (rcs-revision 1.7)
\pgf@nodesepstart=\dimen189
\pgf@nodesepend=\dimen190
)
(/usr/share/texmf/tex/latex/pgf/compatibility/pgfcomp-version-1-18.sty
Package: pgfcomp-version-1-18 2007/07/23 v2.10 (rcs-revision 1.1)
))
(/usr/share/texmf/tex/latex/pgf/utilities/pgffor.sty
(/usr/share/texmf/tex/latex/pgf/utilities/pgfkeys.sty
(/usr/share/texmf/tex/generic/pgf/utilities/pgfkeys.code.tex))
(/usr/share/texmf/tex/generic/pgf/utilities/pgffor.code.tex
Package: pgffor 2010/03/23 v2.10 (rcs-revision 1.18)
\pgffor@iter=\dimen191
\pgffor@skip=\dimen192
\pgffor@stack=\toks40
\pgffor@toks=\toks41
))
(/usr/share/texmf/tex/generic/pgf/frontendlayer/tikz/tikz.code.tex
Package: tikz 2010/10/13 v2.10 (rcs-revision 1.76)

(/usr/share/texmf/tex/generic/pgf/libraries/pgflibraryplothandlers.code.tex
File: pgflibraryplothandlers.code.tex 2010/05/31 v2.10 (rcs-revision 1.15)
\pgf@plot@mark@count=\count153
\pgfplotmarksize=\dimen193
)
\tikz@lastx=\dimen194
\tikz@lasty=\dimen195
\tikz@lastxsaved=\dimen196
\tikz@lastysaved=\dimen197
\tikzleveldistance=\dimen198
\tikzsiblingdistance=\dimen199
\tikz@figbox=\box54
\tikz@tempbox=\box55
\tikztreelevel=\count154
\tikznumberofchildren=\count155
\tikznumberofcurrentchild=\count156
\tikz@fig@count=\count157

(/usr/share/texmf/tex/generic/pgf/modules/pgfmodulematrix.code.tex
File: pgfmodulematrix.code.tex 2010/08/24  (rcs-revision 1.4)
\pgfmatrixcurrentrow=\count158
\pgfmatrixcurrentcolumn=\count159
\pgf@matrix@numberofcolumns=\count160
)
\tikz@expandcount=\count161

(/usr/share/texmf/tex/generic/pgf/frontendlayer/tikz/libraries/tikzlibrarytopat
hs.code.tex
File: tikzlibrarytopaths.code.tex 2008/06/17 v2.10 (rcs-revision 1.2)
))) (/usr/share/texlive/texmf-dist/tex/latex/tools/verbatim.sty
Package: verbatim 2003/08/22 v1.5q LaTeX2e package for verbatim enhancements
\every@verbatim=\toks42
\verbatim@line=\toks43
\verbatim@in@stream=\read2
)
(/usr/share/texlive/texmf-dist/tex/latex/caption/caption.sty
Package: caption 2013/05/02 v3.3-89 Customizing captions (AR)

(/usr/share/texlive/texmf-dist/tex/latex/caption/caption3.sty
Package: caption3 2013/05/02 v1.6-88 caption3 kernel (AR)
Package caption3 Info: TeX engine: e-TeX on input line 57.
\captionmargin=\dimen200
\captionmargin@=\dimen201
\captionwidth=\dimen202
\caption@tempdima=\dimen203
\caption@indent=\dimen204
\caption@parindent=\dimen205
\caption@hangindent=\dimen206
)
\c@ContinuedFloat=\count162
Package caption Info: beamer document class.
Package caption Info: hyperref package is loaded.
Package caption Info: Hyperref support is turned off
(caption)             because hyperref has stopped early.
)
(/usr/share/texmf/tex/generic/pgf/frontendlayer/tikz/libraries/tikzlibraryarrow
s.code.tex
File: tikzlibraryarrows.code.tex 2008/01/09 v2.10 (rcs-revision 1.1)

(/usr/share/texmf/tex/generic/pgf/libraries/pgflibraryarrows.code.tex
File: pgflibraryarrows.code.tex 2008/10/27 v2.10 (rcs-revision 1.9)
\arrowsize=\dimen207
))
(/usr/share/texmf/tex/generic/pgf/frontendlayer/tikz/libraries/tikzlibraryshape
s.code.tex
File: tikzlibraryshapes.code.tex 2008/01/09 v2.10 (rcs-revision 1.1)

(/usr/share/texmf/tex/generic/pgf/frontendlayer/tikz/libraries/tikzlibraryshape
s.geometric.code.tex
File: tikzlibraryshapes.geometric.code.tex 2008/01/09 v2.10 (rcs-revision 1.1)

(/usr/share/texmf/tex/generic/pgf/libraries/shapes/pgflibraryshapes.geometric.c
ode.tex
File: pgflibraryshapes.geometric.code.tex 2008/06/26 v2.10 (rcs-revision 1.1)
))
(/usr/share/texmf/tex/generic/pgf/frontendlayer/tikz/libraries/tikzlibraryshape
s.misc.code.tex
File: tikzlibraryshapes.misc.code.tex 2008/01/09 v2.10 (rcs-revision 1.1)

(/usr/share/texmf/tex/generic/pgf/libraries/shapes/pgflibraryshapes.misc.code.t
ex
File: pgflibraryshapes.misc.code.tex 2008/10/07 v2.10 (rcs-revision 1.3)
))
(/usr/share/texmf/tex/generic/pgf/frontendlayer/tikz/libraries/tikzlibraryshape
s.symbols.code.tex
File: tikzlibraryshapes.symbols.code.tex 2008/01/09 v2.10 (rcs-revision 1.1)

(/usr/share/texmf/tex/generic/pgf/libraries/shapes/pgflibraryshapes.symbols.cod
e.tex
File: pgflibraryshapes.symbols.code.tex 2009/10/27 v2.10 (rcs-revision 1.3)
))
(/usr/share/texmf/tex/generic/pgf/frontendlayer/tikz/libraries/tikzlibraryshape
s.arrows.code.tex
File: tikzlibraryshapes.arrows.code.tex 2008/01/09 v2.10 (rcs-revision 1.1)

(/usr/share/texmf/tex/generic/pgf/libraries/shapes/pgflibraryshapes.arrows.code
.tex
File: pgflibraryshapes.arrows.code.tex 2008/06/26 v2.10 (rcs-revision 1.1)
))
(/usr/share/texmf/tex/generic/pgf/frontendlayer/tikz/libraries/tikzlibraryshape
s.callouts.code.tex
(/usr/share/texmf/tex/generic/pgf/libraries/shapes/pgflibraryshapes.callouts.co
de.tex))
(/usr/share/texmf/tex/generic/pgf/frontendlayer/tikz/libraries/tikzlibraryshape
s.multipart.code.tex
File: tikzlibraryshapes.multipart.code.tex 2008/01/09 v2.10 (rcs-revision 1.1)

(/usr/share/texmf/tex/generic/pgf/libraries/shapes/pgflibraryshapes.multipart.c
ode.tex
File: pgflibraryshapes.multipart.code.tex 2010/01/07 v2.10 (rcs-revision 1.2)
\pgfnodepartlowerbox=\box56
\pgfnodeparttwobox=\box57
\pgfnodepartthreebox=\box58
\pgfnodepartfourbox=\box59
\pgfnodeparttwentybox=\box60
\pgfnodepartnineteenbox=\box61
\pgfnodeparteighteenbox=\box62
\pgfnodepartseventeenbox=\box63
\pgfnodepartsixteenbox=\box64
\pgfnodepartfifteenbox=\box65
\pgfnodepartfourteenbox=\box66
\pgfnodepartthirteenbox=\box67
\pgfnodeparttwelvebox=\box68
\pgfnodepartelevenbox=\box69
\pgfnodeparttenbox=\box70
\pgfnodepartninebox=\box71
\pgfnodeparteightbox=\box72
\pgfnodepartsevenbox=\box73
\pgfnodepartsixbox=\box74
\pgfnodepartfivebox=\box75
))) (./Settings/preamble.tex
(/usr/share/texlive/texmf-dist/tex/latex/oberdiek/bookmark.sty
Package: bookmark 2011/12/02 v1.24 PDF bookmarks (HO)

(/usr/share/texlive/texmf-dist/tex/latex/oberdiek/bkm-pdftex.def
File: bkm-pdftex.def 2011/12/02 v1.24 bookmark driver for pdfTeX (HO)
\BKM@id=\count163
))
(/usr/share/texlive/texmf-dist/tex/latex/textpos/textpos.sty
Package: textpos 2014/01/03 v1.7j

Package: textpos 2014/01/03 1.7j, absolute positioning of text on the page
\TP@textbox=\box76
\TP@holdbox=\box77
\TPHorizModule=\dimen208
\TPVertModule=\dimen209
\TP@margin=\dimen210
\TP@absmargin=\dimen211
Grid set 16 x 16 = 22.7622pt x 17.07166pt
\TPboxrulesize=\dimen212
\TP@ox=\dimen213
\TP@oy=\dimen214
\TP@tbargs=\toks44
\TP@prevdepth=\dimen215
TextBlockOrigin set to 0pt x 0pt
)
(/usr/share/texmf/tex/generic/pgf/frontendlayer/tikz/libraries/tikzlibrarydecor
ations.fractals.code.tex
(/usr/share/texmf/tex/generic/pgf/frontendlayer/tikz/libraries/tikzlibrarydecor
ations.code.tex
(/usr/share/texmf/tex/generic/pgf/modules/pgfmoduledecorations.code.tex
\pgfdecoratedcompleteddistance=\dimen216
\pgfdecoratedremainingdistance=\dimen217
\pgfdecoratedinputsegmentcompleteddistance=\dimen218
\pgfdecoratedinputsegmentremainingdistance=\dimen219
\pgf@decorate@distancetomove=\dimen220
\pgf@decorate@repeatstate=\count164
\pgfdecorationsegmentamplitude=\dimen221
\pgfdecorationsegmentlength=\dimen222
)
\tikz@lib@dec@box=\box78
)
(/usr/share/texmf/tex/generic/pgf/libraries/decorations/pgflibrarydecorations.f
ractals.code.tex))
(/usr/share/texmf/tex/generic/pgf/frontendlayer/tikz/libraries/tikzlibrarylinde
nmayersystems.code.tex
(/usr/share/texmf/tex/generic/pgf/libraries/pgflibrarylindenmayersystems.code.t
ex
\pgflsystemstep=\dimen223
\c@pgf@lsystem@iteration=\count165
))
(/usr/share/texmf/tex/latex/beamer/base/themes/outer/beamerouterthememiniframes
.sty
Package: beamerouterthememiniframes 2010/06/17  (rcs-revision d02a7cf4d8ae)
)) (/usr/share/texlive/texmf-dist/tex/latex/upquote/upquote.sty
Package: upquote 2012/04/19 v1.3 upright-quote and grave-accent glyphs in verba
tim
)
(./NGS-Statistics-Weeks-1and2.aux)
\openout1 = `NGS-Statistics-Weeks-1and2.aux'.

LaTeX Font Info:    Checking defaults for OML/cmm/m/it on input line 75.
LaTeX Font Info:    ... okay on input line 75.
LaTeX Font Info:    Checking defaults for T1/cmr/m/n on input line 75.
LaTeX Font Info:    ... okay on input line 75.
LaTeX Font Info:    Checking defaults for OT1/cmr/m/n on input line 75.
LaTeX Font Info:    ... okay on input line 75.
LaTeX Font Info:    Checking defaults for OMS/cmsy/m/n on input line 75.
LaTeX Font Info:    ... okay on input line 75.
LaTeX Font Info:    Checking defaults for OMX/cmex/m/n on input line 75.
LaTeX Font Info:    ... okay on input line 75.
LaTeX Font Info:    Checking defaults for U/cmr/m/n on input line 75.
LaTeX Font Info:    ... okay on input line 75.
LaTeX Font Info:    Checking defaults for PD1/pdf/m/n on input line 75.
LaTeX Font Info:    ... okay on input line 75.

*geometry* driver: auto-detecting
*geometry* detected driver: pdftex
*geometry* verbose mode - [ preamble ] result:
* driver: pdftex
* paper: custom
* layout: <same size as paper>
* layoutoffset:(h,v)=(0.0pt,0.0pt)
* modes: includehead includefoot 
* h-part:(L,W,R)=(28.45274pt, 307.28987pt, 28.45274pt)
* v-part:(T,H,B)=(0.0pt, 273.14662pt, 0.0pt)
* \paperwidth=364.19536pt
* \paperheight=273.14662pt
* \textwidth=307.28987pt
* \textheight=244.6939pt
* \oddsidemargin=-43.81725pt
* \evensidemargin=-43.81725pt
* \topmargin=-72.26999pt
* \headheight=14.22636pt
* \headsep=0.0pt
* \topskip=11.0pt
* \footskip=14.22636pt
* \marginparwidth=4.0pt
* \marginparsep=10.0pt
* \columnsep=10.0pt
* \skip\footins=10.0pt plus 4.0pt minus 2.0pt
* \hoffset=0.0pt
* \voffset=0.0pt
* \mag=1000
* \@twocolumnfalse
* \@twosidefalse
* \@mparswitchfalse
* \@reversemarginfalse
* (1in=72.27pt=25.4mm, 1cm=28.453pt)

(/usr/share/texlive/texmf-dist/tex/context/base/supp-pdf.mkii
[Loading MPS to PDF converter (version 2006.09.02).]
\scratchcounter=\count166
\scratchdimen=\dimen224
\scratchbox=\box79
\nofMPsegments=\count167
\nofMParguments=\count168
\everyMPshowfont=\toks45
\MPscratchCnt=\count169
\MPscratchDim=\dimen225
\MPnumerator=\count170
\makeMPintoPDFobject=\count171
\everyMPtoPDFconversion=\toks46
) (/usr/share/texlive/texmf-dist/tex/latex/oberdiek/epstopdf-base.sty
Package: epstopdf-base 2010/02/09 v2.5 Base part for package epstopdf

(/usr/share/texlive/texmf-dist/tex/latex/oberdiek/grfext.sty
Package: grfext 2010/08/19 v1.1 Manage graphics extensions (HO)
)
Package grfext Info: Graphics extension search list:
(grfext)             [.png,.pdf,.jpg,.mps,.jpeg,.jbig2,.jb2,.PNG,.PDF,.JPG,.JPE
G,.JBIG2,.JB2,.eps]
(grfext)             \AppendGraphicsExtensions on input line 452.

(/usr/share/texlive/texmf-dist/tex/latex/latexconfig/epstopdf-sys.cfg
File: epstopdf-sys.cfg 2010/07/13 v1.3 Configuration of (r)epstopdf for TeX Liv
e
))
ABD: EveryShipout initializing macros
\AtBeginShipoutBox=\box80
Package hyperref Info: Link coloring OFF on input line 75.

(/usr/share/texlive/texmf-dist/tex/latex/hyperref/nameref.sty
Package: nameref 2012/10/27 v2.43 Cross-referencing by name of section

(/usr/share/texlive/texmf-dist/tex/generic/oberdiek/gettitlestring.sty
Package: gettitlestring 2010/12/03 v1.4 Cleanup title references (HO)
)
\c@section@level=\count172
)
LaTeX Info: Redefining \ref on input line 75.
LaTeX Info: Redefining \pageref on input line 75.
LaTeX Info: Redefining \nameref on input line 75.
LaTeX Font Info:    Overwriting symbol font `operators' in version `normal'
(Font)                  OT1/cmr/m/n --> OT1/cmss/m/n on input line 75.
LaTeX Font Info:    Overwriting symbol font `operators' in version `bold'
(Font)                  OT1/cmr/bx/n --> OT1/cmss/bx/n on input line 75.
\symnumbers=\mathgroup6
\sympureletters=\mathgroup7
LaTeX Font Info:    Overwriting math alphabet `\mathrm' in version `normal'
(Font)                  OT1/cmss/m/n --> OT1/cmr/m/n on input line 75.
LaTeX Font Info:    Redeclaring math alphabet \mathbf on input line 75.
LaTeX Font Info:    Overwriting math alphabet `\mathbf' in version `normal'
(Font)                  OT1/cmr/bx/n --> OT1/cmss/bx/n on input line 75.
LaTeX Font Info:    Overwriting math alphabet `\mathbf' in version `bold'
(Font)                  OT1/cmr/bx/n --> OT1/cmss/bx/n on input line 75.
LaTeX Font Info:    Redeclaring math alphabet \mathsf on input line 75.
LaTeX Font Info:    Overwriting math alphabet `\mathsf' in version `normal'
(Font)                  OT1/cmss/m/n --> OT1/cmss/m/n on input line 75.
LaTeX Font Info:    Overwriting math alphabet `\mathsf' in version `bold'
(Font)                  OT1/cmss/bx/n --> OT1/cmss/m/n on input line 75.
LaTeX Font Info:    Redeclaring math alphabet \mathit on input line 75.
LaTeX Font Info:    Overwriting math alphabet `\mathit' in version `normal'
(Font)                  OT1/cmr/m/it --> OT1/cmss/m/it on input line 75.
LaTeX Font Info:    Overwriting math alphabet `\mathit' in version `bold'
(Font)                  OT1/cmr/bx/it --> OT1/cmss/m/it on input line 75.
LaTeX Font Info:    Redeclaring math alphabet \mathtt on input line 75.
LaTeX Font Info:    Overwriting math alphabet `\mathtt' in version `normal'
(Font)                  OT1/cmtt/m/n --> OT1/cmtt/m/n on input line 75.
LaTeX Font Info:    Overwriting math alphabet `\mathtt' in version `bold'
(Font)                  OT1/cmtt/m/n --> OT1/cmtt/m/n on input line 75.
LaTeX Font Info:    Overwriting symbol font `numbers' in version `bold'
(Font)                  OT1/cmss/m/n --> OT1/cmss/bx/n on input line 75.
LaTeX Font Info:    Overwriting symbol font `pureletters' in version `bold'
(Font)                  OT1/cmss/m/it --> OT1/cmss/bx/it on input line 75.
LaTeX Font Info:    Overwriting math alphabet `\mathrm' in version `bold'
(Font)                  OT1/cmss/bx/n --> OT1/cmr/bx/n on input line 75.
LaTeX Font Info:    Overwriting math alphabet `\mathbf' in version `bold'
(Font)                  OT1/cmss/bx/n --> OT1/cmss/bx/n on input line 75.
LaTeX Font Info:    Overwriting math alphabet `\mathsf' in version `bold'
(Font)                  OT1/cmss/m/n --> OT1/cmss/bx/n on input line 75.
LaTeX Font Info:    Overwriting math alphabet `\mathit' in version `bold'
(Font)                  OT1/cmss/m/it --> OT1/cmss/bx/it on input line 75.
LaTeX Font Info:    Overwriting math alphabet `\mathtt' in version `bold'
(Font)                  OT1/cmtt/m/n --> OT1/cmtt/bx/n on input line 75.

(/usr/share/texmf/tex/latex/beamer/base/translator/dicts/translator-basic-dicti
onary/translator-basic-dictionary-English.dict
Dictionary: translator-basic-dictionary, Language: English 
)
(/usr/share/texmf/tex/latex/beamer/base/translator/dicts/translator-bibliograph
y-dictionary/translator-bibliography-dictionary-English.dict
Dictionary: translator-bibliography-dictionary, Language: English 
)
(/usr/share/texmf/tex/latex/beamer/base/translator/dicts/translator-environment
-dictionary/translator-environment-dictionary-English.dict
Dictionary: translator-environment-dictionary, Language: English 
)
(/usr/share/texmf/tex/latex/beamer/base/translator/dicts/translator-months-dict
ionary/translator-months-dictionary-English.dict
Dictionary: translator-months-dictionary, Language: English 
)
(/usr/share/texmf/tex/latex/beamer/base/translator/dicts/translator-numbers-dic
tionary/translator-numbers-dictionary-English.dict
Dictionary: translator-numbers-dictionary, Language: English 
)
(/usr/share/texmf/tex/latex/beamer/base/translator/dicts/translator-theorem-dic
tionary/translator-theorem-dictionary-English.dict
Dictionary: translator-theorem-dictionary, Language: English 
)
LaTeX Info: Redefining \includegraphics on input line 75.
Package caption Info: Begin \AtBeginDocument code.
Package caption Info: End \AtBeginDocument code.

(./NGS-Statistics-Weeks-1and2.nav)

Package hyperref Warning: Option `pdfauthor' has already been used,
(hyperref)                setting the option has no effect on input line 91.

(./Logo/kochcurve.tex) (./Logo/logos.tex)

LaTeX Font Warning: Font shape `OT1/cmss/m/n' in size <4> not available
(Font)              size <5> substituted on input line 91.

[1{/var/lib/texmf/fonts/map/pdftex/updmap/pdftex.map}

 <./Logo/d_DCI_signature_NCI_rgb.png (PNG copy)> <./Logo/bblogo.png>] (./NGS-St
atistics-Weeks-1and2.toc)
[2

] [3

]
\openout4 = `NGS-Statistics-Weeks-1and2.vrb'.

 (./NGS-Statistics-Weeks-1and2.vrb
LaTeX Font Info:    Try loading font information for U+msa on input line 4.

(/usr/share/texlive/texmf-dist/tex/latex/amsfonts/umsa.fd
File: umsa.fd 2013/01/14 v3.01 AMS symbols A
)
LaTeX Font Info:    Try loading font information for U+msb on input line 4.

(/usr/share/texlive/texmf-dist/tex/latex/amsfonts/umsb.fd
File: umsb.fd 2013/01/14 v3.01 AMS symbols B
)) [4

] [5

] [6

]
[7

] [8

] [9

] [10

] [11

] [12

] [13

] [14

] [15

] [16

] [17

] [18

] [19

] [20

] [21

]
[22

] [23

] [24

]
\openout4 = `NGS-Statistics-Weeks-1and2.vrb'.

 (./NGS-Statistics-Weeks-1and2.vrb) [25

]
\openout4 = `NGS-Statistics-Weeks-1and2.vrb'.


(./NGS-Statistics-Weeks-1and2.vrb
LaTeX Font Info:    Font shape `OT1/cmtt/bx/n' in size <6> not available
(Font)              Font shape `OT1/cmtt/m/n' tried instead on input line 7.
) [26

] [27

] [28

] [29

] [30

] [31

] [32

] [33

]
\openout4 = `NGS-Statistics-Weeks-1and2.vrb'.


(./NGS-Statistics-Weeks-1and2.vrb) [34

]
\openout4 = `NGS-Statistics-Weeks-1and2.vrb'.

 (./NGS-Statistics-Weeks-1and2.vrb)
[35

]
\openout4 = `NGS-Statistics-Weeks-1and2.vrb'.

 (./NGS-Statistics-Weeks-1and2.vrb) [36

]
\openout4 = `NGS-Statistics-Weeks-1and2.vrb'.

 (./NGS-Statistics-Weeks-1and2.vrb) [37

] [38

]
\openout4 = `NGS-Statistics-Weeks-1and2.vrb'.

 (./NGS-Statistics-Weeks-1and2.vrb) [39

] [40

] [41

] [42

] [43

] [44

]
[45

] [46

] [47

]
<figure/beamer-unnamed-chunk-17-1.pdf, id=780, 505.89pt x 505.89pt>
File: figure/beamer-unnamed-chunk-17-1.pdf Graphic file (type pdf)

<use figure/beamer-unnamed-chunk-17-1.pdf>
Package pdftex.def Info: figure/beamer-unnamed-chunk-17-1.pdf used on input lin
e 1344.
(pdftex.def)             Requested size: 171.23563pt x 171.23611pt.

Overfull \vbox (3.45042pt too high) detected at line 1344
 []

[48

 <./figure/beamer-unnamed-chunk-17-1.pdf>]
<figure/beamer-unnamed-chunk-18-1.pdf, id=803, 505.89pt x 505.89pt>
File: figure/beamer-unnamed-chunk-18-1.pdf Graphic file (type pdf)

<use figure/beamer-unnamed-chunk-18-1.pdf>
Package pdftex.def Info: figure/beamer-unnamed-chunk-18-1.pdf used on input lin
e 1362.
(pdftex.def)             Requested size: 171.23563pt x 171.23611pt.
 [49

 <./figure/beamer-unnamed-chunk-18-1.pdf>] <figure/beamer-unnamed-chunk-19-1.pd
f, id=827, 505.89pt x 505.89pt>
File: figure/beamer-unnamed-chunk-19-1.pdf Graphic file (type pdf)

<use figure/beamer-unnamed-chunk-19-1.pdf>
Package pdftex.def Info: figure/beamer-unnamed-chunk-19-1.pdf used on input lin
e 1380.
(pdftex.def)             Requested size: 171.23563pt x 171.23611pt.
 [50

 <./figure/beamer-unnamed-chunk-19-1.pdf>] [51

] [52

]
\openout4 = `NGS-Statistics-Weeks-1and2.vrb'.

 (./NGS-Statistics-Weeks-1and2.vrb) [53

]
\openout4 = `NGS-Statistics-Weeks-1and2.vrb'.


(./NGS-Statistics-Weeks-1and2.vrb) [54

] [55

] [56

] [57

] [58

] [59

] [60

]
\openout4 = `NGS-Statistics-Weeks-1and2.vrb'.


(./NGS-Statistics-Weeks-1and2.vrb) [61

]
<figure/beamer-railplots-1.pdf, id=1020, 505.89pt x 505.89pt>
File: figure/beamer-railplots-1.pdf Graphic file (type pdf)

<use figure/beamer-railplots-1.pdf>
Package pdftex.def Info: figure/beamer-railplots-1.pdf used on input line 1646.

(pdftex.def)             Requested size: 184.3758pt x 184.37427pt.
 [62

 <./figure/beamer-railplots-1.pdf>]
[63

] [64

] <figure/beamer-unnamed-chunk-27-1.pdf, id=1073, 505.89pt x 505.89pt>
File: figure/beamer-unnamed-chunk-27-1.pdf Graphic file (type pdf)

<use figure/beamer-unnamed-chunk-27-1.pdf>
Package pdftex.def Info: figure/beamer-unnamed-chunk-27-1.pdf used on input lin
e 1687.
(pdftex.def)             Requested size: 184.3758pt x 184.37427pt.
 [65

 <./figure/beamer-unnamed-chunk-27-1.pdf>] [66

]
\openout4 = `NGS-Statistics-Weeks-1and2.vrb'.

 (./NGS-Statistics-Weeks-1and2.vrb) [67

] [68

]
\openout4 = `NGS-Statistics-Weeks-1and2.vrb'.


(./NGS-Statistics-Weeks-1and2.vrb) [69

]
\openout4 = `NGS-Statistics-Weeks-1and2.vrb'.

 (./NGS-Statistics-Weeks-1and2.vrb)
[70

]
\openout4 = `NGS-Statistics-Weeks-1and2.vrb'.

 (./NGS-Statistics-Weeks-1and2.vrb
<figure/beamer-unnamed-chunk-30-1.pdf, id=1171, 505.89pt x 505.89pt>
File: figure/beamer-unnamed-chunk-30-1.pdf Graphic file (type pdf)

<use figure/beamer-unnamed-chunk-30-1.pdf>
Package pdftex.def Info: figure/beamer-unnamed-chunk-30-1.pdf used on input lin
e 11.
(pdftex.def)             Requested size: 184.3758pt x 184.37427pt.
)
Overfull \vbox (1.03029pt too high) detected at line 1812
 []

[71

 <./figure/beamer-unnamed-chunk-30-1.pdf>]
\openout4 = `NGS-Statistics-Weeks-1and2.vrb'.

 (./NGS-Statistics-Weeks-1and2.vrb) [72

]
\openout4 = `NGS-Statistics-Weeks-1and2.vrb'.

 (./NGS-Statistics-Weeks-1and2.vrb) [73

]
\openout4 = `NGS-Statistics-Weeks-1and2.vrb'.


(./NGS-Statistics-Weeks-1and2.vrb
<figure/beamer-unnamed-chunk-33-1.pdf, id=1224, 1011.78pt x 505.89pt>
File: figure/beamer-unnamed-chunk-33-1.pdf Graphic file (type pdf)

<use figure/beamer-unnamed-chunk-33-1.pdf>
Package pdftex.def Info: figure/beamer-unnamed-chunk-33-1.pdf used on input lin
e 5.
(pdftex.def)             Requested size: 338.02072pt x 169.01297pt.

Overfull \hbox (30.73085pt too wide) in paragraph at lines 5--6
 [][] 
 []

) [74

 <./figure/beamer-unnamed-chunk-33-1.pdf>]
\openout4 = `NGS-Statistics-Weeks-1and2.vrb'.


(./NGS-Statistics-Weeks-1and2.vrb
<figure/beamer-unnamed-chunk-34-1.pdf, id=1246, 505.89pt x 505.89pt>
File: figure/beamer-unnamed-chunk-34-1.pdf Graphic file (type pdf)

<use figure/beamer-unnamed-chunk-34-1.pdf>
Package pdftex.def Info: figure/beamer-unnamed-chunk-34-1.pdf used on input lin
e 5.
(pdftex.def)             Requested size: 184.3758pt x 184.37427pt.
) [75

 <./figure/beamer-unnamed-chunk-34-1.pdf>]
\openout4 = `NGS-Statistics-Weeks-1and2.vrb'.

 (./NGS-Statistics-Weeks-1and2.vrb) [76

] [77

]
\openout4 = `NGS-Statistics-Weeks-1and2.vrb'.


(./NGS-Statistics-Weeks-1and2.vrb) [78

] [79

]
<figure/beamer-predmod1-1.pdf, id=1331, 505.89pt x 505.89pt>
File: figure/beamer-predmod1-1.pdf Graphic file (type pdf)

<use figure/beamer-predmod1-1.pdf>
Package pdftex.def Info: figure/beamer-predmod1-1.pdf used on input line 1990.
(pdftex.def)             Requested size: 184.3758pt x 184.37427pt.
 [80

 <./figure/beamer-predmod1-1.pdf>]
<figure/beamer-predmod2-1.pdf, id=1352, 505.89pt x 505.89pt>
File: figure/beamer-predmod2-1.pdf Graphic file (type pdf)

<use figure/beamer-predmod2-1.pdf>
Package pdftex.def Info: figure/beamer-predmod2-1.pdf used on input line 2004.
(pdftex.def)             Requested size: 184.3758pt x 184.37427pt.
 [81

 <./figure/beamer-predmod2-1.pdf>]
<figure/beamer-predmod3-1.pdf, id=1374, 505.89pt x 505.89pt>
File: figure/beamer-predmod3-1.pdf Graphic file (type pdf)

<use figure/beamer-predmod3-1.pdf>
Package pdftex.def Info: figure/beamer-predmod3-1.pdf used on input line 2018.
(pdftex.def)             Requested size: 184.3758pt x 184.37427pt.
 [82

 <./figure/beamer-predmod3-1.pdf>]
<figure/beamer-predmod3a-1.pdf, id=1395, 505.89pt x 505.89pt>
File: figure/beamer-predmod3a-1.pdf Graphic file (type pdf)

<use figure/beamer-predmod3a-1.pdf>
Package pdftex.def Info: figure/beamer-predmod3a-1.pdf used on input line 2032.

(pdftex.def)             Requested size: 184.3758pt x 184.37427pt.
 [83

 <./figure/beamer-predmod3a-1.pdf>]
<figure/beamer-predmod4-1.pdf, id=1416, 505.89pt x 505.89pt>
File: figure/beamer-predmod4-1.pdf Graphic file (type pdf)

<use figure/beamer-predmod4-1.pdf>
Package pdftex.def Info: figure/beamer-predmod4-1.pdf used on input line 2053.
(pdftex.def)             Requested size: 184.3758pt x 184.37427pt.
 [84

 <./figure/beamer-predmod4-1.pdf>]
<figure/beamer-predmod5-1.pdf, id=1437, 505.89pt x 505.89pt>
File: figure/beamer-predmod5-1.pdf Graphic file (type pdf)

<use figure/beamer-predmod5-1.pdf>
Package pdftex.def Info: figure/beamer-predmod5-1.pdf used on input line 2067.
(pdftex.def)             Requested size: 184.3758pt x 184.37427pt.
 [85

 <./figure/beamer-predmod5-1.pdf>]
<figure/beamer-predmod6-1.pdf, id=1459, 505.89pt x 505.89pt>
File: figure/beamer-predmod6-1.pdf Graphic file (type pdf)

<use figure/beamer-predmod6-1.pdf>
Package pdftex.def Info: figure/beamer-predmod6-1.pdf used on input line 2081.
(pdftex.def)             Requested size: 184.3758pt x 184.37427pt.
 [86

 <./figure/beamer-predmod6-1.pdf>]
<figure/beamer-unnamed-chunk-40-1.pdf, id=1480, 505.89pt x 505.89pt>
File: figure/beamer-unnamed-chunk-40-1.pdf Graphic file (type pdf)

<use figure/beamer-unnamed-chunk-40-1.pdf>
Package pdftex.def Info: figure/beamer-unnamed-chunk-40-1.pdf used on input lin
e 2099.
(pdftex.def)             Requested size: 184.3758pt x 184.37427pt.
 [87

 <./figure/beamer-unnamed-chunk-40-1.pdf>] <figure/beamer-unnamed-chunk-41-1.pd
f, id=1491, 505.89pt x 505.89pt>
File: figure/beamer-unnamed-chunk-41-1.pdf Graphic file (type pdf)

<use figure/beamer-unnamed-chunk-41-1.pdf>
Package pdftex.def Info: figure/beamer-unnamed-chunk-41-1.pdf used on input lin
e 2116.
(pdftex.def)             Requested size: 184.3758pt x 184.37427pt.
 [88

 <./figure/beamer-unnamed-chunk-41-1.pdf>] <figure/beamer-unnamed-chunk-42-1.pd
f, id=1503, 505.89pt x 505.89pt>
File: figure/beamer-unnamed-chunk-42-1.pdf Graphic file (type pdf)

<use figure/beamer-unnamed-chunk-42-1.pdf>
Package pdftex.def Info: figure/beamer-unnamed-chunk-42-1.pdf used on input lin
e 2133.
(pdftex.def)             Requested size: 184.3758pt x 184.37427pt.
 [89

 <./figure/beamer-unnamed-chunk-42-1.pdf>] <figure/beamer-unnamed-chunk-43-1.pd
f, id=1514, 505.89pt x 505.89pt>
File: figure/beamer-unnamed-chunk-43-1.pdf Graphic file (type pdf)

<use figure/beamer-unnamed-chunk-43-1.pdf>
Package pdftex.def Info: figure/beamer-unnamed-chunk-43-1.pdf used on input lin
e 2150.
(pdftex.def)             Requested size: 184.3758pt x 184.37427pt.
 [90

 <./figure/beamer-unnamed-chunk-43-1.pdf>] <figure/beamer-unnamed-chunk-44-1.pd
f, id=1525, 505.89pt x 505.89pt>
File: figure/beamer-unnamed-chunk-44-1.pdf Graphic file (type pdf)

<use figure/beamer-unnamed-chunk-44-1.pdf>
Package pdftex.def Info: figure/beamer-unnamed-chunk-44-1.pdf used on input lin
e 2166.
(pdftex.def)             Requested size: 184.3758pt x 184.37427pt.
 [91

 <./figure/beamer-unnamed-chunk-44-1.pdf>] [92

] [93

] [94

] [95

] [96

]
<figure/beamer-knn-1.pdf, id=1613, 505.89pt x 505.89pt>
File: figure/beamer-knn-1.pdf Graphic file (type pdf)

<use figure/beamer-knn-1.pdf>
Package pdftex.def Info: figure/beamer-knn-1.pdf used on input line 2270.
(pdftex.def)             Requested size: 184.3758pt x 184.37427pt.
 [97

 <./figure/beamer-knn-1.pdf>]
<figure/beamer-knn3-1.pdf, id=1635, 505.89pt x 505.89pt>
File: figure/beamer-knn3-1.pdf Graphic file (type pdf)

<use figure/beamer-knn3-1.pdf>
Package pdftex.def Info: figure/beamer-knn3-1.pdf used on input line 2285.
(pdftex.def)             Requested size: 184.3758pt x 184.37427pt.
 [98

 <./figure/beamer-knn3-1.pdf>]
<figure/beamer-knn5-1.pdf, id=1656, 505.89pt x 505.89pt>
File: figure/beamer-knn5-1.pdf Graphic file (type pdf)

<use figure/beamer-knn5-1.pdf>
Package pdftex.def Info: figure/beamer-knn5-1.pdf used on input line 2299.
(pdftex.def)             Requested size: 184.3758pt x 184.37427pt.
 [99

 <./figure/beamer-knn5-1.pdf>] [100

] [101

]
<figure/beamer-unnamed-chunk-45-1.pdf, id=1707, 505.89pt x 505.89pt>
File: figure/beamer-unnamed-chunk-45-1.pdf Graphic file (type pdf)

<use figure/beamer-unnamed-chunk-45-1.pdf>
Package pdftex.def Info: figure/beamer-unnamed-chunk-45-1.pdf used on input lin
e 2460.
(pdftex.def)             Requested size: 184.3758pt x 184.37427pt.
 [102

 <./figure/beamer-unnamed-chunk-45-1.pdf>]
<figure/beamer-unnamed-chunk-46-1.pdf, id=1718, 505.89pt x 505.89pt>
File: figure/beamer-unnamed-chunk-46-1.pdf Graphic file (type pdf)

<use figure/beamer-unnamed-chunk-46-1.pdf>
Package pdftex.def Info: figure/beamer-unnamed-chunk-46-1.pdf used on input lin
e 2477.
(pdftex.def)             Requested size: 184.3758pt x 184.37427pt.
 [103

 <./figure/beamer-unnamed-chunk-46-1.pdf>]
<figure/beamer-unnamed-chunk-47-1.pdf, id=1730, 505.89pt x 505.89pt>
File: figure/beamer-unnamed-chunk-47-1.pdf Graphic file (type pdf)

<use figure/beamer-unnamed-chunk-47-1.pdf>
Package pdftex.def Info: figure/beamer-unnamed-chunk-47-1.pdf used on input lin
e 2494.
(pdftex.def)             Requested size: 184.3758pt x 184.37427pt.
 [104

 <./figure/beamer-unnamed-chunk-47-1.pdf>]
<figure/beamer-unnamed-chunk-48-1.pdf, id=1742, 505.89pt x 505.89pt>
File: figure/beamer-unnamed-chunk-48-1.pdf Graphic file (type pdf)

<use figure/beamer-unnamed-chunk-48-1.pdf>
Package pdftex.def Info: figure/beamer-unnamed-chunk-48-1.pdf used on input lin
e 2511.
(pdftex.def)             Requested size: 184.3758pt x 184.37427pt.
 [105

 <./figure/beamer-unnamed-chunk-48-1.pdf>]
<figure/beamer-unnamed-chunk-49-1.pdf, id=1753, 505.89pt x 505.89pt>
File: figure/beamer-unnamed-chunk-49-1.pdf Graphic file (type pdf)

<use figure/beamer-unnamed-chunk-49-1.pdf>
Package pdftex.def Info: figure/beamer-unnamed-chunk-49-1.pdf used on input lin
e 2527.
(pdftex.def)             Requested size: 184.3758pt x 184.37427pt.
 [106

 <./figure/beamer-unnamed-chunk-49-1.pdf>]
<figure/beamer-unnamed-chunk-50-1.pdf, id=1764, 505.89pt x 505.89pt>
File: figure/beamer-unnamed-chunk-50-1.pdf Graphic file (type pdf)

<use figure/beamer-unnamed-chunk-50-1.pdf>
Package pdftex.def Info: figure/beamer-unnamed-chunk-50-1.pdf used on input lin
e 2545.
(pdftex.def)             Requested size: 184.3758pt x 184.37427pt.
 [107

 <./figure/beamer-unnamed-chunk-50-1.pdf>]
<figure/beamer-unnamed-chunk-51-1.pdf, id=1774, 505.89pt x 505.89pt>
File: figure/beamer-unnamed-chunk-51-1.pdf Graphic file (type pdf)

<use figure/beamer-unnamed-chunk-51-1.pdf>
Package pdftex.def Info: figure/beamer-unnamed-chunk-51-1.pdf used on input lin
e 2562.
(pdftex.def)             Requested size: 184.3758pt x 184.37427pt.
 [108

 <./figure/beamer-unnamed-chunk-51-1.pdf>] [109

] [110

] [111

] [112

] [113

] [114

] [115

] [116

] [117

] [118

] [119

]
<Figures/simon-cv.png, id=1952, 446.6286pt x 433.62pt>
File: Figures/simon-cv.png Graphic file (type png)

<use Figures/simon-cv.png>
Package pdftex.def Info: Figures/simon-cv.png used on input line 2739.
(pdftex.def)             Requested size: 200.981pt x 195.1272pt.
 [120

 <./Figures/simon-cv.png>] [121

] [122

]
LaTeX Font Info:    Try loading font information for OMS+cmtt on input line 283
8.

(/usr/local/lib/R/share/texmf/tex/latex/omscmtt.fd
File: omscmtt.fd 
)
LaTeX Font Info:    Font shape `OMS/cmtt/m/n' in size <6> not available
(Font)              Font shape `OMS/cmsy/m/n' tried instead on input line 2838.


Overfull \vbox (5.3935pt too high) detected at line 2872
 []

[123

] [124

] [125

] <Figures/lm-overfit.pdf, id=2051, 505.89pt x 252.945pt>
File: Figures/lm-overfit.pdf Graphic file (type pdf)

<use Figures/lm-overfit.pdf>
Package pdftex.def Info: Figures/lm-overfit.pdf used on input line 2921.
(pdftex.def)             Requested size: 328.82458pt x 164.4123pt.

Overfull \hbox (21.53471pt too wide) in paragraph at lines 2921--2921
 [] 
 []

[126

 <./Figures/lm-overfit.pdf>] [127

] [128

] [129

] [130

]
<figure/beamer-iris1-1.pdf, id=2135, 505.89pt x 505.89pt>
File: figure/beamer-iris1-1.pdf Graphic file (type pdf)

<use figure/beamer-iris1-1.pdf>
Package pdftex.def Info: figure/beamer-iris1-1.pdf used on input line 3008.
(pdftex.def)             Requested size: 184.3758pt x 184.37427pt.
 [131

 <./figure/beamer-iris1-1.pdf>]
<figure/beamer-iris2-1.pdf, id=2158, 505.89pt x 505.89pt>
File: figure/beamer-iris2-1.pdf Graphic file (type pdf)

<use figure/beamer-iris2-1.pdf>
Package pdftex.def Info: figure/beamer-iris2-1.pdf used on input line 3022.
(pdftex.def)             Requested size: 184.3758pt x 184.37427pt.
 [132

 <./figure/beamer-iris2-1.pdf>] [133

]
[134

] [135

] [136

] [137

]
<figure/beamer-dist1-1.pdf, id=2258, 505.89pt x 505.89pt>
File: figure/beamer-dist1-1.pdf Graphic file (type pdf)

<use figure/beamer-dist1-1.pdf>
Package pdftex.def Info: figure/beamer-dist1-1.pdf used on input line 3109.
(pdftex.def)             Requested size: 184.3758pt x 184.37427pt.
 [138

 <./figure/beamer-dist1-1.pdf>]
<figure/beamer-dist2-1.pdf, id=2267, 505.89pt x 505.89pt>
File: figure/beamer-dist2-1.pdf Graphic file (type pdf)

<use figure/beamer-dist2-1.pdf>
Package pdftex.def Info: figure/beamer-dist2-1.pdf used on input line 3126.
(pdftex.def)             Requested size: 184.3758pt x 184.37427pt.
 [139

 <./figure/beamer-dist2-1.pdf>]
<figure/beamer-dist3-1.pdf, id=2279, 505.89pt x 505.89pt>
File: figure/beamer-dist3-1.pdf Graphic file (type pdf)

<use figure/beamer-dist3-1.pdf>
Package pdftex.def Info: figure/beamer-dist3-1.pdf used on input line 3143.
(pdftex.def)             Requested size: 184.3758pt x 184.37427pt.
 [140

 <./figure/beamer-dist3-1.pdf>]
<figure/beamer-dist4-1.pdf, id=2290, 505.89pt x 505.89pt>
File: figure/beamer-dist4-1.pdf Graphic file (type pdf)

<use figure/beamer-dist4-1.pdf>
Package pdftex.def Info: figure/beamer-dist4-1.pdf used on input line 3157.
(pdftex.def)             Requested size: 184.3758pt x 184.37427pt.
 [141

 <./figure/beamer-dist4-1.pdf>]
<Figures/distance.png, id=2301, 735.26869pt x 722.07156pt>
File: Figures/distance.png Graphic file (type png)

<use Figures/distance.png>
Package pdftex.def Info: Figures/distance.png used on input line 3166.
(pdftex.def)             Requested size: 294.10226pt x 288.8235pt.

Overfull \vbox (69.55034pt too high) detected at line 3166
 []

[142

 <./Figures/distance.png>]
\openout4 = `NGS-Statistics-Weeks-1and2.vrb'.

 (./NGS-Statistics-Weeks-1and2.vrb) [143

]
[144

] [145

] <figure/beamer-mdsgolub-1.pdf, id=2365, 505.89pt x 505.89pt>
File: figure/beamer-mdsgolub-1.pdf Graphic file (type pdf)

<use figure/beamer-mdsgolub-1.pdf>
Package pdftex.def Info: figure/beamer-mdsgolub-1.pdf used on input line 3290.
(pdftex.def)             Requested size: 184.3758pt x 184.37427pt.
 [146

 <./figure/beamer-mdsgolub-1.pdf>]
<figure/beamer-pcagolub-1.pdf, id=2386, 505.89pt x 505.89pt>
File: figure/beamer-pcagolub-1.pdf Graphic file (type pdf)

<use figure/beamer-pcagolub-1.pdf>
Package pdftex.def Info: figure/beamer-pcagolub-1.pdf used on input line 3304.
(pdftex.def)             Requested size: 184.3758pt x 184.37427pt.
 [147

 <./figure/beamer-pcagolub-1.pdf>]
[148

] [149

] [150

] [151

] [152

] [153

] [154

] [155

] [156

]
\openout4 = `NGS-Statistics-Weeks-1and2.vrb'.


(./NGS-Statistics-Weeks-1and2.vrb
<figure/beamer-apsing-1.pdf, id=2545, 505.89pt x 505.89pt>
File: figure/beamer-apsing-1.pdf Graphic file (type pdf)

<use figure/beamer-apsing-1.pdf>
Package pdftex.def Info: figure/beamer-apsing-1.pdf used on input line 5.
(pdftex.def)             Requested size: 184.3758pt x 184.37427pt.
) [157

 <./figure/beamer-apsing-1.pdf>] [158

]
\openout4 = `NGS-Statistics-Weeks-1and2.vrb'.


(./NGS-Statistics-Weeks-1and2.vrb
<figure/beamer-apcomp-1.pdf, id=2583, 505.89pt x 505.89pt>
File: figure/beamer-apcomp-1.pdf Graphic file (type pdf)

<use figure/beamer-apcomp-1.pdf>
Package pdftex.def Info: figure/beamer-apcomp-1.pdf used on input line 5.
(pdftex.def)             Requested size: 184.3758pt x 184.37427pt.
) [159

 <./figure/beamer-apcomp-1.pdf>]
Overfull \vbox (15.32681pt too high) detected at line 3674
 []

[160

]
\openout4 = `NGS-Statistics-Weeks-1and2.vrb'.

 (./NGS-Statistics-Weeks-1and2.vrb
<figure/beamer-airport3-1.pdf, id=2620, 505.89pt x 505.89pt>
File: figure/beamer-airport3-1.pdf Graphic file (type pdf)

<use figure/beamer-airport3-1.pdf>
Package pdftex.def Info: figure/beamer-airport3-1.pdf used on input line 5.
(pdftex.def)             Requested size: 184.3758pt x 184.37427pt.

<figure/beamer-airport3-2.pdf, id=2621, 505.89pt x 505.89pt>
File: figure/beamer-airport3-2.pdf Graphic file (type pdf)

<use figure/beamer-airport3-2.pdf>
Package pdftex.def Info: figure/beamer-airport3-2.pdf used on input line 6.
(pdftex.def)             Requested size: 184.3758pt x 184.37427pt.

Overfull \hbox (61.46172pt too wide) in paragraph at lines 5--7
 [][][] 
 []

) [161

 <./figure/beamer-airport3-1.pdf> <./figure/beamer-airport3-2.pdf>]
[162

] <Figures/kmean1.pdf, id=2665, 505.89pt x 505.89pt>
File: Figures/kmean1.pdf Graphic file (type pdf)

<use Figures/kmean1.pdf>
Package pdftex.def Info: Figures/kmean1.pdf used on input line 3715.
(pdftex.def)             Requested size: 227.64839pt x 227.64839pt.

Overfull \vbox (8.37523pt too high) detected at line 3715
 []

[163

 <./Figures/kmean1.pdf>]
<Figures/kmean11.pdf, id=2687, 505.89pt x 505.89pt>
File: Figures/kmean11.pdf Graphic file (type pdf)
 <use Figures/kmean11.pdf>
Package pdftex.def Info: Figures/kmean11.pdf used on input line 3724.
(pdftex.def)             Requested size: 227.64839pt x 227.64839pt.

Overfull \vbox (8.37523pt too high) detected at line 3724
 []

[164

 <./Figures/kmean11.pdf>]
<Figures/kmean3.pdf, id=2708, 867.24pt x 433.62pt>
File: Figures/kmean3.pdf Graphic file (type pdf)
 <use Figures/kmean3.pdf>
Package pdftex.def Info: Figures/kmean3.pdf used on input line 3734.
(pdftex.def)             Requested size: 329.55463pt x 164.77731pt.

Overfull \hbox (22.26476pt too wide) in paragraph at lines 3734--3734
 [] 
 []

[165

 <./Figures/kmean3.pdf>] [166

] [167

]
<Figures/CCR-FIG1.pdf, id=2759, 433.62pt x 433.62pt>
File: Figures/CCR-FIG1.pdf Graphic file (type pdf)

<use Figures/CCR-FIG1.pdf>
Package pdftex.def Info: Figures/CCR-FIG1.pdf used on input line 3766.
(pdftex.def)             Requested size: 195.1272pt x 195.1272pt.
 [168

 <./Figures/CCR-FIG1.pdf>]
<Figures/CTS-ALLAML-MDS.pdf, id=2780, 505.89pt x 505.89pt>
File: Figures/CTS-ALLAML-MDS.pdf Graphic file (type pdf)

<use Figures/CTS-ALLAML-MDS.pdf>
Package pdftex.def Info: Figures/CTS-ALLAML-MDS.pdf used on input line 3775.
(pdftex.def)             Requested size: 227.64839pt x 227.64839pt.

Overfull \vbox (8.37523pt too high) detected at line 3775
 []

[169

 <./Figures/CTS-ALLAML-MDS.pdf>] [170

] [171

]
<figure/beamer-hm1-1.pdf, id=2831, 505.89pt x 505.89pt>
File: figure/beamer-hm1-1.pdf Graphic file (type pdf)

<use figure/beamer-hm1-1.pdf>
Package pdftex.def Info: figure/beamer-hm1-1.pdf used on input line 3836.
(pdftex.def)             Requested size: 153.64493pt x 153.64394pt.
 [172

 <./figure/beamer-hm1-1.pdf>]
<figure/beamer-hm2-1.pdf, id=2854, 505.89pt x 505.89pt>
File: figure/beamer-hm2-1.pdf Graphic file (type pdf)

<use figure/beamer-hm2-1.pdf>
Package pdftex.def Info: figure/beamer-hm2-1.pdf used on input line 3853.
(pdftex.def)             Requested size: 153.64493pt x 153.64394pt.
 [173

 <./figure/beamer-hm2-1.pdf>]
<figure/beamer-hm3-1.pdf, id=2877, 505.89pt x 505.89pt>
File: figure/beamer-hm3-1.pdf Graphic file (type pdf)

<use figure/beamer-hm3-1.pdf>
Package pdftex.def Info: figure/beamer-hm3-1.pdf used on input line 3869.
(pdftex.def)             Requested size: 153.64493pt x 153.64394pt.
 [174

 <./figure/beamer-hm3-1.pdf>] [175

]
<figure/beamer-pc1-1.pdf, id=2915, 505.89pt x 505.89pt>
File: figure/beamer-pc1-1.pdf Graphic file (type pdf)

<use figure/beamer-pc1-1.pdf>
Package pdftex.def Info: figure/beamer-pc1-1.pdf used on input line 3911.
(pdftex.def)             Requested size: 153.64493pt x 153.64394pt.
 [176

 <./figure/beamer-pc1-1.pdf>]
<figure/beamer-pc2-1.pdf, id=2937, 505.89pt x 505.89pt>
File: figure/beamer-pc2-1.pdf Graphic file (type pdf)

<use figure/beamer-pc2-1.pdf>
Package pdftex.def Info: figure/beamer-pc2-1.pdf used on input line 3928.
(pdftex.def)             Requested size: 153.64493pt x 153.64394pt.
 [177

 <./figure/beamer-pc2-1.pdf>]
<figure/beamer-pc3-1.pdf, id=2959, 505.89pt x 505.89pt>
File: figure/beamer-pc3-1.pdf Graphic file (type pdf)

<use figure/beamer-pc3-1.pdf>
Package pdftex.def Info: figure/beamer-pc3-1.pdf used on input line 3944.
(pdftex.def)             Requested size: 153.64493pt x 153.64394pt.
 [178

 <./figure/beamer-pc3-1.pdf>] [179

] [180

]
\openout4 = `NGS-Statistics-Weeks-1and2.vrb'.


(./NGS-Statistics-Weeks-1and2.vrb) [181

]
\openout4 = `NGS-Statistics-Weeks-1and2.vrb'.

 (./NGS-Statistics-Weeks-1and2.vrb)
Overfull \vbox (52.01848pt too high) detected at line 4065
 []

[182

] [183

] [184

] [185

] [186

] [187

]
\openout4 = `NGS-Statistics-Weeks-1and2.vrb'.

 (./NGS-Statistics-Weeks-1and2.vrb) [188

]
[189

]
\openout4 = `NGS-Statistics-Weeks-1and2.vrb'.

 (./NGS-Statistics-Weeks-1and2.vrb) [190

] [191

] [192

] [193

] [194

] [195

]
[196

] [197

] [198

] [199

] [200

] [201

] [202

] [203

] [204

] [205

] [206

] [207

]
[208

]
Overfull \hbox (28.93018pt too wide) detected at line 4843
\OT1/cmss/m/it/10.95 P\OT1/cmss/m/n/10.95 (\OT1/cmss/m/it/10.95 K \OT1/cmss/m/n
/10.95 = 0) = (1 \OMS/cmsy/m/n/10.95 ^^@ \OML/cmm/m/it/10.95 ^^Y\OT1/cmss/m/n/1
0.95 )[][]\OT1/cmss/m/it/10.95 P\OT1/cmss/m/n/10.95 (\OT1/cmss/m/it/10.95 K \OT
1/cmss/m/n/10.95 = 1) = 2\OML/cmm/m/it/10.95 ^^Y\OT1/cmss/m/n/10.95 (1 \OMS/cms
y/m/n/10.95 ^^@ \OML/cmm/m/it/10.95 ^^Y\OT1/cmss/m/n/10.95 )[]\OT1/cmss/m/it/10
.95 P\OT1/cmss/m/n/10.95 (\OT1/cmss/m/it/10.95 K \OT1/cmss/m/n/10.95 = 2) = \OM
L/cmm/m/it/10.95 ^^Y[]
 []

[209

] [210

] [211

] [212

] [213

] [214

] [215

] [216

]
\openout4 = `NGS-Statistics-Weeks-1and2.vrb'.


(./NGS-Statistics-Weeks-1and2.vrb

Package amsmath Warning: Foreign command \atopwithdelims;
(amsmath)                \frac or \genfrac should be used instead
(amsmath)                 on input line 6.

) [217

]
\openout4 = `NGS-Statistics-Weeks-1and2.vrb'.

 (./NGS-Statistics-Weeks-1and2.vrb) [218

]
\openout4 = `NGS-Statistics-Weeks-1and2.vrb'.


(./NGS-Statistics-Weeks-1and2.vrb)
Overfull \vbox (11.87793pt too high) detected at line 5069
 []

[219

]
\openout4 = `NGS-Statistics-Weeks-1and2.vrb'.

 (./NGS-Statistics-Weeks-1and2.vrb) [220

]
\openout4 = `NGS-Statistics-Weeks-1and2.vrb'.


(./NGS-Statistics-Weeks-1and2.vrb) [221

]
\openout4 = `NGS-Statistics-Weeks-1and2.vrb'.

 (./NGS-Statistics-Weeks-1and2.vrb)
[222

]
\openout4 = `NGS-Statistics-Weeks-1and2.vrb'.

 (./NGS-Statistics-Weeks-1and2.vrb) [223

] [224

] [225

] [226

] [227

] [228

]
[229

] [230

] [231

] [232

] [233

] [234

]
Overfull \hbox (10.87477pt too wide) detected at line 5420
[]\OT1/cmss/m/n/10.95 [\OT1/cmss/m/it/10.95 Y \OT1/cmss/m/n/10.95 = 1] = [] = [
]
 []

[235

] [236

] [237

] [238

] [239

]
Overfull \hbox (10.01427pt too wide) in paragraph at lines 5504--5504
 [] 
 []

[240

] [241

] [242

] [243

] [244

] [245

] [246

] [247

] [248

] [249

] [250

] [251

]
[252

] [253

] [254

] [255

] [256

] [257

] [258

]
Overfull \hbox (7.75862pt too wide) detected at line 5875
\OT1/cmss/m/it/10.95 P\OT1/cmss/m/n/10.95 (\OT1/cmss/m/it/10.95 K[] \OT1/cmss/m
/n/10.95 = \OT1/cmss/m/it/10.95 k[]\OML/cmm/m/it/10.95 ; [] ; \OT1/cmss/m/it/10
.95 K[] \OT1/cmss/m/n/10.95 = \OT1/cmss/m/it/10.95 k[]\OT1/cmss/m/n/10.95 ) = \
OML/cmm/m/it/10.95 ^^Y[]\OT1/cmss/m/n/10.95 (1 \OMS/cmsy/m/n/10.95 ^^@ \OML/cmm
/m/it/10.95 ^^Y\OT1/cmss/m/n/10.95 )[] \OMS/cmsy/m/n/10.95 ^^B [] ^^B \OML/cmm/
m/it/10.95 ^^Y[]\OT1/cmss/m/n/10.95 (1 \OMS/cmsy/m/n/10.95 ^^@ \OML/cmm/m/it/10
.95 ^^Y\OT1/cmss/m/n/10.95 )[]
 []

[259

]
\openout4 = `NGS-Statistics-Weeks-1and2.vrb'.

 (./NGS-Statistics-Weeks-1and2.vrb) [260

]
\openout4 = `NGS-Statistics-Weeks-1and2.vrb'.


(./NGS-Statistics-Weeks-1and2.vrb) [261

]
\openout4 = `NGS-Statistics-Weeks-1and2.vrb'.

 (./NGS-Statistics-Weeks-1and2.vrb
<figure/beamer-unnamed-chunk-88-1.pdf, id=4260, 505.89pt x 505.89pt>
File: figure/beamer-unnamed-chunk-88-1.pdf Graphic file (type pdf)

<use figure/beamer-unnamed-chunk-88-1.pdf>
Package pdftex.def Info: figure/beamer-unnamed-chunk-88-1.pdf used on input lin
e 6.
(pdftex.def)             Requested size: 184.3758pt x 184.37427pt.
) [262

 <./figure/beamer-unnamed-chunk-88-1.pdf>]
\openout4 = `NGS-Statistics-Weeks-1and2.vrb'.

 (./NGS-Statistics-Weeks-1and2.vrb) [263

] [264

]
<figure/beamer-unnamed-chunk-89-1.pdf, id=4313, 505.89pt x 505.89pt>
File: figure/beamer-unnamed-chunk-89-1.pdf Graphic file (type pdf)

<use figure/beamer-unnamed-chunk-89-1.pdf>
Package pdftex.def Info: figure/beamer-unnamed-chunk-89-1.pdf used on input lin
e 5995.
(pdftex.def)             Requested size: 184.3758pt x 184.37427pt.
 [265

 <./figure/beamer-unnamed-chunk-89-1.pdf>]
<figure/beamer-unnamed-chunk-90-1.pdf, id=4336, 505.89pt x 505.89pt>
File: figure/beamer-unnamed-chunk-90-1.pdf Graphic file (type pdf)

<use figure/beamer-unnamed-chunk-90-1.pdf>
Package pdftex.def Info: figure/beamer-unnamed-chunk-90-1.pdf used on input lin
e 6008.
(pdftex.def)             Requested size: 184.3758pt x 184.37427pt.
 [266

 <./figure/beamer-unnamed-chunk-90-1.pdf>]
<figure/beamer-unnamed-chunk-91-1.pdf, id=4358, 505.89pt x 505.89pt>
File: figure/beamer-unnamed-chunk-91-1.pdf Graphic file (type pdf)

<use figure/beamer-unnamed-chunk-91-1.pdf>
Package pdftex.def Info: figure/beamer-unnamed-chunk-91-1.pdf used on input lin
e 6022.
(pdftex.def)             Requested size: 184.3758pt x 184.37427pt.
 [267

 <./figure/beamer-unnamed-chunk-91-1.pdf>] [268

]
<figure/beamer-unnamed-chunk-92-1.pdf, id=4395, 505.89pt x 505.89pt>
File: figure/beamer-unnamed-chunk-92-1.pdf Graphic file (type pdf)

<use figure/beamer-unnamed-chunk-92-1.pdf>
Package pdftex.def Info: figure/beamer-unnamed-chunk-92-1.pdf used on input lin
e 6066.
(pdftex.def)             Requested size: 184.3758pt x 184.37427pt.
 [269

 <./figure/beamer-unnamed-chunk-92-1.pdf>]
<figure/beamer-unnamed-chunk-93-1.pdf, id=4417, 505.89pt x 505.89pt>
File: figure/beamer-unnamed-chunk-93-1.pdf Graphic file (type pdf)

<use figure/beamer-unnamed-chunk-93-1.pdf>
Package pdftex.def Info: figure/beamer-unnamed-chunk-93-1.pdf used on input lin
e 6084.
(pdftex.def)             Requested size: 184.3758pt x 184.37427pt.
 [270

 <./figure/beamer-unnamed-chunk-93-1.pdf>]
<figure/beamer-unnamed-chunk-94-1.pdf, id=4440, 505.89pt x 505.89pt>
File: figure/beamer-unnamed-chunk-94-1.pdf Graphic file (type pdf)

<use figure/beamer-unnamed-chunk-94-1.pdf>
Package pdftex.def Info: figure/beamer-unnamed-chunk-94-1.pdf used on input lin
e 6101.
(pdftex.def)             Requested size: 184.3758pt x 184.37427pt.
 [271

 <./figure/beamer-unnamed-chunk-94-1.pdf>] [272

] [273

]
<figure/beamer-unnamed-chunk-95-1.pdf, id=4493, 505.89pt x 505.89pt>
File: figure/beamer-unnamed-chunk-95-1.pdf Graphic file (type pdf)

<use figure/beamer-unnamed-chunk-95-1.pdf>
Package pdftex.def Info: figure/beamer-unnamed-chunk-95-1.pdf used on input lin
e 6147.
(pdftex.def)             Requested size: 184.3758pt x 184.37427pt.
 [274

 <./figure/beamer-unnamed-chunk-95-1.pdf>]
<figure/beamer-unnamed-chunk-96-1.pdf, id=4514, 505.89pt x 505.89pt>
File: figure/beamer-unnamed-chunk-96-1.pdf Graphic file (type pdf)

<use figure/beamer-unnamed-chunk-96-1.pdf>
Package pdftex.def Info: figure/beamer-unnamed-chunk-96-1.pdf used on input lin
e 6162.
(pdftex.def)             Requested size: 184.3758pt x 184.37427pt.
 [275

 <./figure/beamer-unnamed-chunk-96-1.pdf>]
<figure/beamer-unnamed-chunk-97-1.pdf, id=4536, 505.89pt x 505.89pt>
File: figure/beamer-unnamed-chunk-97-1.pdf Graphic file (type pdf)

<use figure/beamer-unnamed-chunk-97-1.pdf>
Package pdftex.def Info: figure/beamer-unnamed-chunk-97-1.pdf used on input lin
e 6177.
(pdftex.def)             Requested size: 184.3758pt x 184.37427pt.
 [276

 <./figure/beamer-unnamed-chunk-97-1.pdf>]
<figure/beamer-unnamed-chunk-98-1.pdf, id=4557, 505.89pt x 505.89pt>
File: figure/beamer-unnamed-chunk-98-1.pdf Graphic file (type pdf)

<use figure/beamer-unnamed-chunk-98-1.pdf>
Package pdftex.def Info: figure/beamer-unnamed-chunk-98-1.pdf used on input lin
e 6192.
(pdftex.def)             Requested size: 184.3758pt x 184.37427pt.
 [277

 <./figure/beamer-unnamed-chunk-98-1.pdf>]
<figure/beamer-unnamed-chunk-99-1.pdf, id=4579, 505.89pt x 505.89pt>
File: figure/beamer-unnamed-chunk-99-1.pdf Graphic file (type pdf)

<use figure/beamer-unnamed-chunk-99-1.pdf>
Package pdftex.def Info: figure/beamer-unnamed-chunk-99-1.pdf used on input lin
e 6206.
(pdftex.def)             Requested size: 184.3758pt x 184.37427pt.
 [278

 <./figure/beamer-unnamed-chunk-99-1.pdf>]
<figure/beamer-unnamed-chunk-100-1.pdf, id=4600, 505.89pt x 505.89pt>
File: figure/beamer-unnamed-chunk-100-1.pdf Graphic file (type pdf)

<use figure/beamer-unnamed-chunk-100-1.pdf>
Package pdftex.def Info: figure/beamer-unnamed-chunk-100-1.pdf used on input li
ne 6221.
(pdftex.def)             Requested size: 184.3758pt x 184.37427pt.
 [279

 <./figure/beamer-unnamed-chunk-100-1.pdf>]
<figure/beamer-unnamed-chunk-101-1.pdf, id=4621, 505.89pt x 505.89pt>
File: figure/beamer-unnamed-chunk-101-1.pdf Graphic file (type pdf)

<use figure/beamer-unnamed-chunk-101-1.pdf>
Package pdftex.def Info: figure/beamer-unnamed-chunk-101-1.pdf used on input li
ne 6234.
(pdftex.def)             Requested size: 184.3758pt x 184.37427pt.
 [280

 <./figure/beamer-unnamed-chunk-101-1.pdf>]
\tf@nav=\write5
\openout5 = `NGS-Statistics-Weeks-1and2.nav'.

\tf@toc=\write6
\openout6 = `NGS-Statistics-Weeks-1and2.toc'.

\tf@snm=\write7
\openout7 = `NGS-Statistics-Weeks-1and2.snm'.

Package atveryend Info: Empty hook `BeforeClearDocument' on input line 6239.
Package atveryend Info: Empty hook `AfterLastShipout' on input line 6239.
 (./NGS-Statistics-Weeks-1and2.aux)
Package atveryend Info: Executing hook `AtVeryEndDocument' on input line 6239.
Package atveryend Info: Empty hook `AtEndAfterFileList' on input line 6239.


LaTeX Font Warning: Size substitutions with differences
(Font)              up to 1.0pt have occurred.

Package atveryend Info: Empty hook `AtVeryVeryEnd' on input line 6239.
 ) 
Here is how much of TeX's memory you used:
 23736 strings out of 493304
 467460 string characters out of 6139871
 622418 words of memory out of 5000000
 25945 multiletter control sequences out of 15000+600000
 19172 words of font info for 73 fonts, out of 8000000 for 9000
 957 hyphenation exceptions out of 8191
 49i,15n,65p,528b,1152s stack positions out of 5000i,500n,10000p,200000b,80000s
</usr/share/texlive/texmf-dist/fonts/type1/public/amsfonts/cm/cmex10.pfb></us
r/share/texlive/texmf-dist/fonts/type1/public/amsfonts/cm/cmitt10.pfb></usr/sha
re/texlive/texmf-dist/fonts/type1/public/amsfonts/cm/cmmi10.pfb></usr/share/tex
live/texmf-dist/fonts/type1/public/amsfonts/cm/cmmi12.pfb></usr/share/texlive/t
exmf-dist/fonts/type1/public/amsfonts/cm/cmmi6.pfb></usr/share/texlive/texmf-di
st/fonts/type1/public/amsfonts/cm/cmmi7.pfb></usr/share/texlive/texmf-dist/font
s/type1/public/amsfonts/cm/cmmi8.pfb></usr/share/texlive/texmf-dist/fonts/type1
/public/amsfonts/cm/cmmi9.pfb></usr/share/texlive/texmf-dist/fonts/type1/public
/amsfonts/cm/cmr10.pfb></usr/share/texlive/texmf-dist/fonts/type1/public/amsfon
ts/cm/cmss10.pfb></usr/share/texlive/texmf-dist/fonts/type1/public/amsfonts/cm/
cmss12.pfb></usr/share/texlive/texmf-dist/fonts/type1/public/amsfonts/cm/cmss8.
pfb></usr/share/texlive/texmf-dist/fonts/type1/public/amsfonts/cm/cmss9.pfb></u
sr/share/texlive/texmf-dist/fonts/type1/public/amsfonts/cm/cmssi10.pfb></usr/sh
are/texlive/texmf-dist/fonts/type1/public/amsfonts/cm/cmssi12.pfb></usr/share/t
exlive/texmf-dist/fonts/type1/public/amsfonts/cm/cmssi8.pfb></usr/share/texlive
/texmf-dist/fonts/type1/public/amsfonts/cm/cmssi9.pfb></usr/share/texlive/texmf
-dist/fonts/type1/public/amsfonts/cm/cmsy10.pfb></usr/share/texlive/texmf-dist/
fonts/type1/public/amsfonts/cm/cmsy6.pfb></usr/share/texlive/texmf-dist/fonts/t
ype1/public/amsfonts/cm/cmsy8.pfb></usr/share/texlive/texmf-dist/fonts/type1/pu
blic/amsfonts/cm/cmsy9.pfb></usr/share/texlive/texmf-dist/fonts/type1/public/am
sfonts/cm/cmtt10.pfb></usr/share/texlive/texmf-dist/fonts/type1/public/amsfonts
/cm/cmtt12.pfb></usr/share/texlive/texmf-dist/fonts/type1/public/amsfonts/cm/cm
tt8.pfb></usr/share/texlive/texmf-dist/fonts/type1/public/amsfonts/cm/cmtt9.pfb
></usr/share/texlive/texmf-dist/fonts/type1/public/amsfonts/symbols/msam10.pfb>
</usr/share/texlive/texmf-dist/fonts/type1/public/amsfonts/symbols/msam7.pfb>
Output written on NGS-Statistics-Weeks-1and2.pdf (280 pages, 2131190 bytes).
PDF statistics:
 4884 PDF objects out of 5155 (max. 8388607)
 4379 compressed objects within 44 object streams
 555 named destinations out of 1000 (max. 500000)
 483 words of extra memory for PDF output out of 10000 (max. 10000000)

